Log file open, 01/28/21 00:14:13
LogInit: Display: Running engine for game: ShadowStalk
LogPlatformFile: Not using cached read wrapper
LogTaskGraph: Started task graph with 5 named threads and 23 total threads with 3 sets of task threads.
LogStats: Stats thread started at 7.967616
LogD3D11RHI: Loaded GFSDK_Aftermath_Lib.x64.dll
LogICUInternationalization: ICU TimeZone Detection - Raw Offset: -5:00, Platform Override: ''
LogPluginManager: Mounting plugin Paper2D
LogPluginManager: Mounting plugin AISupport
LogPluginManager: Mounting plugin LightPropagationVolume
LogPluginManager: Mounting plugin CameraShakePreviewer
LogPluginManager: Mounting plugin ActorLayerUtilities
LogPluginManager: Mounting plugin AnimationSharing
LogPluginManager: Mounting plugin CLionSourceCodeAccess
LogPluginManager: Mounting plugin CodeLiteSourceCodeAccess
LogPluginManager: Mounting plugin GitSourceControl
LogPluginManager: Mounting plugin KDevelopSourceCodeAccess
LogPluginManager: Mounting plugin NullSourceCodeAccess
LogPluginManager: Mounting plugin PerforceSourceControl
LogPluginManager: Mounting plugin PlasticSourceControl
LogPluginManager: Mounting plugin RiderSourceCodeAccess
LogPluginManager: Mounting plugin SubversionSourceControl
LogPluginManager: Mounting plugin UObjectPlugin
LogPluginManager: Mounting plugin VisualStudioCodeSourceCodeAccess
LogPluginManager: Mounting plugin VisualStudioSourceCodeAccess
LogPluginManager: Mounting plugin XCodeSourceCodeAccess
LogPluginManager: Mounting plugin AssetManagerEditor
LogPluginManager: Mounting plugin CryptoKeys
LogPluginManager: Mounting plugin CurveEditorTools
LogPluginManager: Mounting plugin DataValidation
LogPluginManager: Mounting plugin EditorScriptingUtilities
LogPluginManager: Mounting plugin FacialAnimation
LogPluginManager: Mounting plugin GameplayTagsEditor
LogPluginManager: Mounting plugin GeometryMode
LogPluginManager: Mounting plugin MacGraphicsSwitching
LogPluginManager: Mounting plugin MaterialAnalyzer
LogPluginManager: Mounting plugin MobileLauncherProfileWizard
LogPluginManager: Mounting plugin PluginBrowser
LogPluginManager: Mounting plugin SpeedTreeImporter
LogPluginManager: Mounting plugin DatasmithContent
LogPluginManager: Mounting plugin VariantManagerContent
LogPluginManager: Mounting plugin AlembicImporter
LogPluginManager: Mounting plugin AutomationUtils
LogPluginManager: Mounting plugin BackChannel
LogPluginManager: Mounting plugin ChaosCloth
LogPluginManager: Mounting plugin ChaosClothEditor
LogPluginManager: Mounting plugin ChaosEditor
LogPluginManager: Mounting plugin ChaosNiagara
LogPluginManager: Mounting plugin ChaosSolverPlugin
LogPluginManager: Mounting plugin CharacterAI
LogPluginManager: Mounting plugin GeometryCache
LogPluginManager: Mounting plugin GeometryCollectionPlugin
LogPluginManager: Mounting plugin GeometryProcessing
LogPluginManager: Mounting plugin PlanarCut
LogPluginManager: Mounting plugin PlatformCrypto
LogPluginManager: Mounting plugin ProxyLODPlugin
LogPluginManager: Mounting plugin SkeletalReduction
LogPluginManager: Mounting plugin Niagara
LogPluginManager: Mounting plugin MagicLeap
LogPluginManager: Mounting plugin MagicLeapLightEstimation
LogPluginManager: Mounting plugin MagicLeapMedia
LogPluginManager: Mounting plugin MagicLeapPassableWorld
LogPluginManager: Mounting plugin MLSDK
LogPluginManager: Mounting plugin AndroidMedia
LogPluginManager: Mounting plugin AvfMedia
LogPluginManager: Mounting plugin ImgMedia
LogPluginManager: Mounting plugin MediaCompositing
LogPluginManager: Mounting plugin MediaPlayerEditor
LogPluginManager: Mounting plugin WebMMedia
LogPluginManager: Mounting plugin WmfMedia
LogPluginManager: Mounting plugin MeshPainting
LogPluginManager: Mounting plugin TcpMessaging
LogPluginManager: Mounting plugin UdpMessaging
LogPluginManager: Mounting plugin ActorSequence
LogPluginManager: Mounting plugin LevelSequenceEditor
LogPluginManager: Mounting plugin MatineeToLevelSequence
LogPluginManager: Mounting plugin MovieRenderPipeline
LogPluginManager: Mounting plugin TemplateSequence
LogPluginManager: Mounting plugin NetcodeUnitTest
LogPluginManager: Mounting plugin NUTUnrealEngine4
LogPluginManager: Mounting plugin OnlineSubsystemGooglePlay
LogPluginManager: Mounting plugin OnlineSubsystemIOS
LogPluginManager: Mounting plugin OnlineSubsystem
LogPluginManager: Mounting plugin OnlineSubsystemNull
LogPluginManager: Mounting plugin OnlineSubsystemUtils
LogPluginManager: Mounting plugin LauncherChunkInstaller
LogPluginManager: Mounting plugin AndroidDeviceProfileSelector
LogPluginManager: Mounting plugin AndroidMoviePlayer
LogPluginManager: Mounting plugin AndroidPermission
LogPluginManager: Mounting plugin AppleImageUtils
LogPluginManager: Mounting plugin AppleMoviePlayer
LogPluginManager: Mounting plugin ArchVisCharacter
LogPluginManager: Mounting plugin AssetTags
LogPluginManager: Mounting plugin AudioCapture
LogPluginManager: Mounting plugin CableComponent
LogPluginManager: Mounting plugin CustomMeshComponent
LogPluginManager: Mounting plugin EditableMesh
LogPluginManager: Mounting plugin ExampleDeviceProfileSelector
LogPluginManager: Mounting plugin GoogleCloudMessaging
LogPluginManager: Mounting plugin GooglePAD
LogPluginManager: Mounting plugin IOSDeviceProfileSelector
LogPluginManager: Mounting plugin LinuxDeviceProfileSelector
LogPluginManager: Mounting plugin LocationServicesBPLibrary
LogPluginManager: Mounting plugin MobilePatchingUtils
LogPluginManager: Mounting plugin OculusVR
LogPluginManager: Mounting plugin PhysXVehicles
LogPluginManager: Mounting plugin PostSplashScreen
LogPluginManager: Mounting plugin ProceduralMeshComponent
LogPluginManager: Mounting plugin RuntimePhysXCooking
LogPluginManager: Mounting plugin SignificanceManager
LogPluginManager: Mounting plugin SoundFields
LogPluginManager: Mounting plugin SteamVR
LogPluginManager: Mounting plugin Synthesis
LogPluginManager: Mounting plugin WebMMoviePlayer
LogPluginManager: Mounting plugin WindowsMoviePlayer
LogPluginManager: Mounting plugin ScreenshotTools
LogInit: Warning: Incompatible or missing module: ShadowStalk
Running D:/Program Files (x86)/Epic Games/UE_4.25/Engine/Binaries/DotNET/UnrealBuildTool.exe Development Win64 -Project="D:/Chris/Documents/School Work/Semester 4/High Level 2/Mini Capstone/W21_GAM1528_ParticleInteractive/ShadowStalk/ShadowStalk.uproject" -TargetType=Editor -Progress -NoEngineChanges -NoHotReloadFromIDE
Using 'git status' to determine working set for adaptive non-unity build (D:\Chris\Documents\School Work\Semester 4\High Level 2\Mini Capstone\W21_GAM1528_ParticleInteractive).
Creating makefile for ShadowStalkEditor (no existing makefile)
@progress push 5%
@progress pop
Building ShadowStalkEditor...
Using Visual Studio 2019 14.26.28805 toolchain (C:\Program Files (x86)\Microsoft Visual Studio\2019\Enterprise\VC\Tools\MSVC\14.26.28801) and Windows 10.0.18362.0 SDK (C:\Program Files (x86)\Windows Kits\10).
Building 8 actions with 8 processes...
  @progress 'Compiling C++ source code...' 0%
  @progress 'Compiling C++ source code...' 12%
  [1/8] SharedPCH.Engine.ShadowErrors.cpp
  @progress 'Compiling C++ source code...' 25%
  [2/8] ShadowStalk.cpp
  @progress 'Compiling C++ source code...' 38%
  [3/8] ShadowStalk.init.gen.cpp
  @progress 'Compiling C++ source code...' 50%
  [4/8] ShadowStalkGameModeBase.cpp
  @progress 'Compiling C++ source code...' 62%
  [5/8] ShadowStalkGameModeBase.gen.cpp
  @progress 'Compiling C++ source code...' 75%
  [6/8] UE4Editor-ShadowStalk.lib
     Creating library D:\Chris\Documents\School Work\Semester 4\High Level 2\Mini Capstone\W21_GAM1528_ParticleInteractive\ShadowStalk\Intermediate\Build\Win64\UE4Editor\Development\ShadowStalk\UE4Editor-ShadowStalk.lib and object D:\Chris\Documents\School Work\Semester 4\High Level 2\Mini Capstone\W21_GAM1528_ParticleInteractive\ShadowStalk\Intermediate\Build\Win64\UE4Editor\Development\ShadowStalk\UE4Editor-ShadowStalk.exp
  @progress 'Compiling C++ source code...' 88%
  [7/8] UE4Editor-ShadowStalk.dll
     Creating library D:\Chris\Documents\School Work\Semester 4\High Level 2\Mini Capstone\W21_GAM1528_ParticleInteractive\ShadowStalk\Intermediate\Build\Win64\UE4Editor\Development\ShadowStalk\UE4Editor-ShadowStalk.suppressed.lib and object D:\Chris\Documents\School Work\Semester 4\High Level 2\Mini Capstone\W21_GAM1528_ParticleInteractive\ShadowStalk\Intermediate\Build\Win64\UE4Editor\Development\ShadowStalk\UE4Editor-ShadowStalk.suppressed.exp
  @progress 'Compiling C++ source code...' 100%
  [8/8] ShadowStalkEditor.target
Total time in Parallel executor: 48.21 seconds
Total execution time: 51.10 seconds
LogInit: Using libcurl 7.55.1-DEV
LogInit:  - built for x86_64-pc-win32
LogInit:  - supports SSL with OpenSSL/1.1.1
LogInit:  - supports HTTP deflate (compression) using libz 1.2.8
LogInit:  - other features:
LogInit:      CURL_VERSION_SSL
LogInit:      CURL_VERSION_LIBZ
LogInit:      CURL_VERSION_IPV6
LogInit:      CURL_VERSION_ASYNCHDNS
LogInit:      CURL_VERSION_LARGEFILE
LogInit:      CURL_VERSION_IDN
LogInit:  CurlRequestOptions (configurable via config and command line):
LogInit:  - bVerifyPeer = true  - Libcurl will verify peer certificate
LogInit:  - bUseHttpProxy = false  - Libcurl will NOT use HTTP proxy
LogInit:  - bDontReuseConnections = false  - Libcurl will reuse connections
LogInit:  - MaxHostConnections = 16  - Libcurl will limit the number of connections to a host
LogInit:  - LocalHostAddr = Default
LogInit:  - BufferSize = 65536
LogOnline: OSS: Creating online subsystem instance for: NULL
LogInit: WinSock: version 1.1 (2.2), MaxSocks=32767, MaxUdp=65467
LogOnline: OSS: TryLoadSubsystemAndSetDefault: Loaded subsystem for module [NULL]
LogInit: Build: ++UE4+Release-4.25-CL-13942748
LogInit: Engine Version: 4.25.3-13942748+++UE4+Release-4.25
LogInit: Compatible Engine Version: 4.25.0-13144385+++UE4+Release-4.25
LogInit: Net CL: 13144385
LogInit: OS: Windows 10 (Release 1909) (), CPU: Intel(R) Core(TM) i5-8300H CPU @ 2.30GHz, GPU: Intel(R) UHD Graphics 630
LogInit: Compiled (64-bit): Jul 25 2020 02:07:48
LogInit: Compiled with Visual C++: 19.24.28315.00
LogInit: Build Configuration: Development
LogInit: Branch Name: ++UE4+Release-4.25
LogInit: Command Line: 
LogInit: Base Directory: D:/Program Files (x86)/Epic Games/UE_4.25/Engine/Binaries/Win64/
LogInit: Allocator: TBB
LogInit: Installed Engine Build: 1
LogDevObjectVersion: Number of dev versions registered: 26
LogDevObjectVersion:   Dev-Blueprints (B0D832E4-1F89-4F0D-ACCF-7EB736FD4AA2): 10
LogDevObjectVersion:   Dev-Build (E1C64328-A22C-4D53-A36C-8E866417BD8C): 0
LogDevObjectVersion:   Dev-Core (375EC13C-06E4-48FB-B500-84F0262A717E): 4
LogDevObjectVersion:   Dev-Editor (E4B068ED-F494-42E9-A231-DA0B2E46BB41): 38
LogDevObjectVersion:   Dev-Framework (CFFC743F-43B0-4480-9391-14DF171D2073): 37
LogDevObjectVersion:   Dev-Mobile (B02B49B5-BB20-44E9-A304-32B752E40360): 2
LogDevObjectVersion:   Dev-Networking (A4E4105C-59A1-49B5-A7C5-40C4547EDFEE): 0
LogDevObjectVersion:   Dev-Online (39C831C9-5AE6-47DC-9A44-9C173E1C8E7C): 0
LogDevObjectVersion:   Dev-Physics (78F01B33-EBEA-4F98-B9B4-84EACCB95AA2): 4
LogDevObjectVersion:   Dev-Platform (6631380F-2D4D-43E0-8009-CF276956A95A): 0
LogDevObjectVersion:   Dev-Rendering (12F88B9F-8875-4AFC-A67C-D90C383ABD29): 43
LogDevObjectVersion:   Dev-Sequencer (7B5AE74C-D270-4C10-A958-57980B212A5A): 12
LogDevObjectVersion:   Dev-VR (D7296918-1DD6-4BDD-9DE2-64A83CC13884): 3
LogDevObjectVersion:   Dev-LoadTimes (C2A15278-BFE7-4AFE-6C17-90FF531DF755): 1
LogDevObjectVersion:   Private-Geometry (6EACA3D4-40EC-4CC1-B786-8BED09428FC5): 3
LogDevObjectVersion:   Dev-AnimPhys (29E575DD-E0A3-4627-9D10-D276232CDCEA): 17
LogDevObjectVersion:   Dev-Anim (AF43A65D-7FD3-4947-9873-3E8ED9C1BB05): 7
LogDevObjectVersion:   Dev-ReflectionCapture (6B266CEC-1EC7-4B8F-A30B-E4D90942FC07): 1
LogDevObjectVersion:   Dev-Automation (0DF73D61-A23F-47EA-B727-89E90C41499A): 1
LogDevObjectVersion:   FortniteMain (601D1886-AC64-4F84-AA16-D3DE0DEAC7D6): 31
LogDevObjectVersion:   Dev-Enterprise (9DFFBCD6-494F-0158-E221-12823C92A888): 10
LogDevObjectVersion:   Dev-Niagara (F2AED0AC-9AFE-416F-8664-AA7FFA26D6FC): 1
LogDevObjectVersion:   Dev-Destruction (174F1F0B-B4C6-45A5-B13F-2EE8D0FB917D): 10
LogDevObjectVersion:   Dev-Physics-Ext (35F94A83-E258-406C-A318-09F59610247C): 37
LogDevObjectVersion:   Dev-PhysicsMaterial-Chaos (B68FC16E-8B1B-42E2-B453-215C058844FE): 1
LogDevObjectVersion:   Dev-CineCamera (B2E18506-4273-CFC2-A54E-F4BB758BBA07): 1
LogInit: Presizing for max 25165824 objects, including 0 objects not considered by GC, pre-allocating 0 bytes for permanent pool.
LogConfig: Applying CVar settings from Section [/Script/Engine.StreamingSettings] File [D:/Chris/Documents/School Work/Semester 4/High Level 2/Mini Capstone/W21_GAM1528_ParticleInteractive/ShadowStalk/Saved/Config/Windows/Engine.ini]
LogConfig: Setting CVar [[s.MinBulkDataSizeForAsyncLoading:131072]]
LogConfig: Setting CVar [[s.AsyncLoadingThreadEnabled:0]]
LogConfig: Setting CVar [[s.EventDrivenLoaderEnabled:1]]
LogConfig: Setting CVar [[s.WarnIfTimeLimitExceeded:0]]
LogConfig: Setting CVar [[s.TimeLimitExceededMultiplier:1.5]]
LogConfig: Setting CVar [[s.TimeLimitExceededMinTime:0.005]]
LogConfig: Setting CVar [[s.UseBackgroundLevelStreaming:1]]
LogConfig: Setting CVar [[s.PriorityAsyncLoadingExtraTime:15.0]]
LogConfig: Setting CVar [[s.LevelStreamingActorsUpdateTimeLimit:5.0]]
LogConfig: Setting CVar [[s.PriorityLevelStreamingActorsUpdateExtraTime:5.0]]
LogConfig: Setting CVar [[s.LevelStreamingComponentsRegistrationGranularity:10]]
LogConfig: Setting CVar [[s.UnregisterComponentsTimeLimit:1.0]]
LogConfig: Setting CVar [[s.LevelStreamingComponentsUnregistrationGranularity:5]]
LogConfig: Setting CVar [[s.FlushStreamingOnExit:1]]
LogInit: Object subsystem initialized
LogConfig: Setting CVar [[con.DebugEarlyDefault:1]]
LogConfig: Setting CVar [[r.setres:1280x720]]
[2021.01.28-05.15.16:390][  0]LogConfig: Setting CVar [[r.VSync:0]]
[2021.01.28-05.15.16:390][  0]LogConfig: Setting CVar [[r.RHICmdBypass:0]]
[2021.01.28-05.15.16:392][  0]LogConfig: Applying CVar settings from Section [/Script/Engine.RendererSettings] File [D:/Chris/Documents/School Work/Semester 4/High Level 2/Mini Capstone/W21_GAM1528_ParticleInteractive/ShadowStalk/Saved/Config/Windows/Engine.ini]
[2021.01.28-05.15.16:392][  0]LogConfig: Setting CVar [[r.GPUCrashDebugging:0]]
[2021.01.28-05.15.16:392][  0]LogConfig: Setting CVar [[r.Mobile.DisableVertexFog:1]]
[2021.01.28-05.15.16:392][  0]LogConfig: Setting CVar [[r.Shadow.CSM.MaxMobileCascades:2]]
[2021.01.28-05.15.16:393][  0]LogConfig: Setting CVar [[r.MobileMSAA:1]]
[2021.01.28-05.15.16:393][  0]LogConfig: Setting CVar [[r.Mobile.UseLegacyShadingModel:0]]
[2021.01.28-05.15.16:393][  0]LogConfig: Setting CVar [[r.Mobile.AllowDitheredLODTransition:0]]
[2021.01.28-05.15.16:393][  0]LogConfig: Setting CVar [[r.Mobile.AllowSoftwareOcclusion:0]]
[2021.01.28-05.15.16:393][  0]LogConfig: Setting CVar [[r.Mobile.VirtualTextures:0]]
[2021.01.28-05.15.16:393][  0]LogConfig: Setting CVar [[r.DiscardUnusedQuality:0]]
[2021.01.28-05.15.16:393][  0]LogConfig: Setting CVar [[r.AllowOcclusionQueries:1]]
[2021.01.28-05.15.16:393][  0]LogConfig: Setting CVar [[r.MinScreenRadiusForLights:0.030000]]
[2021.01.28-05.15.16:393][  0]LogConfig: Setting CVar [[r.MinScreenRadiusForDepthPrepass:0.030000]]
[2021.01.28-05.15.16:393][  0]LogConfig: Setting CVar [[r.MinScreenRadiusForCSMDepth:0.010000]]
[2021.01.28-05.15.16:393][  0]LogConfig: Setting CVar [[r.PrecomputedVisibilityWarning:0]]
[2021.01.28-05.15.16:393][  0]LogConfig: Setting CVar [[r.TextureStreaming:1]]
[2021.01.28-05.15.16:393][  0]LogConfig: Setting CVar [[Compat.UseDXT5NormalMaps:0]]
[2021.01.28-05.15.16:393][  0]LogConfig: Setting CVar [[r.VirtualTextures:0]]
[2021.01.28-05.15.16:393][  0]LogConfig: Setting CVar [[r.VirtualTexturedLightmaps:0]]
[2021.01.28-05.15.16:393][  0]LogConfig: Setting CVar [[r.VT.TileSize:128]]
[2021.01.28-05.15.16:393][  0]LogConfig: Setting CVar [[r.VT.TileBorderSize:4]]
[2021.01.28-05.15.16:393][  0]LogConfig: Setting CVar [[r.vt.FeedbackFactor:16]]
[2021.01.28-05.15.16:393][  0]LogConfig: Setting CVar [[r.VT.EnableCompressZlib:1]]
[2021.01.28-05.15.16:393][  0]LogConfig: Setting CVar [[r.VT.EnableCompressCrunch:0]]
[2021.01.28-05.15.16:393][  0]LogConfig: Setting CVar [[r.ClearCoatNormal:0]]
[2021.01.28-05.15.16:393][  0]LogConfig: Setting CVar [[r.AnisotropicBRDF:0]]
[2021.01.28-05.15.16:393][  0]LogConfig: Setting CVar [[r.ReflectionCaptureResolution:128]]
[2021.01.28-05.15.16:393][  0]LogConfig: Setting CVar [[r.ReflectionEnvironmentLightmapMixBasedOnRoughness:1]]
[2021.01.28-05.15.16:393][  0]LogConfig: Setting CVar [[r.ForwardShading:0]]
[2021.01.28-05.15.16:393][  0]LogConfig: Setting CVar [[r.VertexFoggingForOpaque:1]]
[2021.01.28-05.15.16:393][  0]LogConfig: Setting CVar [[r.AllowStaticLighting:1]]
[2021.01.28-05.15.16:393][  0]LogConfig: Setting CVar [[r.NormalMapsForStaticLighting:0]]
[2021.01.28-05.15.16:393][  0]LogConfig: Setting CVar [[r.GenerateMeshDistanceFields:0]]
[2021.01.28-05.15.16:393][  0]LogConfig: Setting CVar [[r.DistanceFieldBuild.EightBit:0]]
[2021.01.28-05.15.16:393][  0]LogConfig: Setting CVar [[r.GenerateLandscapeGIData:0]]
[2021.01.28-05.15.16:393][  0]LogConfig: Setting CVar [[r.DistanceFieldBuild.Compress:0]]
[2021.01.28-05.15.16:394][  0]LogConfig: Setting CVar [[r.TessellationAdaptivePixelsPerTriangle:48.000000]]
[2021.01.28-05.15.16:394][  0]LogConfig: Setting CVar [[r.SeparateTranslucency:1]]
[2021.01.28-05.15.16:394][  0]LogConfig: Setting CVar [[r.TranslucentSortPolicy:0]]
[2021.01.28-05.15.16:394][  0]LogConfig: Setting CVar [[r.CustomDepth:1]]
[2021.01.28-05.15.16:394][  0]LogConfig: Setting CVar [[r.CustomDepthTemporalAAJitter:1]]
[2021.01.28-05.15.16:394][  0]LogConfig: Setting CVar [[r.PostProcessing.PropagateAlpha:0]]
[2021.01.28-05.15.16:394][  0]LogConfig: Setting CVar [[r.DefaultFeature.Bloom:1]]
[2021.01.28-05.15.16:394][  0]LogConfig: Setting CVar [[r.DefaultFeature.AmbientOcclusion:1]]
[2021.01.28-05.15.16:394][  0]LogConfig: Setting CVar [[r.DefaultFeature.AmbientOcclusionStaticFraction:1]]
[2021.01.28-05.15.16:394][  0]LogConfig: Setting CVar [[r.DefaultFeature.AutoExposure:0]]
[2021.01.28-05.15.16:394][  0]LogConfig: Setting CVar [[r.DefaultFeature.AutoExposure.Method:0]]
[2021.01.28-05.15.16:394][  0]LogConfig: Setting CVar [[r.DefaultFeature.AutoExposure.Bias:1.000000]]
[2021.01.28-05.15.16:394][  0]LogConfig: Setting CVar [[r.DefaultFeature.AutoExposure.ExtendDefaultLuminanceRange:0]]
[2021.01.28-05.15.16:394][  0]LogConfig: Setting CVar [[r.UsePreExposure:1]]
[2021.01.28-05.15.16:394][  0]LogConfig: Setting CVar [[r.EyeAdaptation.EditorOnly:0]]
[2021.01.28-05.15.16:394][  0]LogConfig: Setting CVar [[r.DefaultFeature.MotionBlur:0]]
[2021.01.28-05.15.16:394][  0]LogConfig: Setting CVar [[r.DefaultFeature.LensFlare:0]]
[2021.01.28-05.15.16:394][  0]LogConfig: Setting CVar [[r.TemporalAA.Upsampling:0]]
[2021.01.28-05.15.16:394][  0]LogConfig: Setting CVar [[r.SSGI.Enable:0]]
[2021.01.28-05.15.16:394][  0]LogConfig: Setting CVar [[r.DefaultFeature.AntiAliasing:0]]
[2021.01.28-05.15.16:394][  0]LogConfig: Setting CVar [[r.DefaultFeature.LightUnits:1]]
[2021.01.28-05.15.16:394][  0]LogConfig: Setting CVar [[r.DefaultBackBufferPixelFormat:4]]
[2021.01.28-05.15.16:394][  0]LogConfig: Setting CVar [[r.Shadow.UnbuiltPreviewInGame:1]]
[2021.01.28-05.15.16:394][  0]LogConfig: Setting CVar [[r.StencilForLODDither:0]]
[2021.01.28-05.15.16:394][  0]LogConfig: Setting CVar [[r.EarlyZPass:3]]
[2021.01.28-05.15.16:514][  0]LogConfig: Setting CVar [[r.EarlyZPassOnlyMaterialMasking:0]]
[2021.01.28-05.15.16:514][  0]LogConfig: Setting CVar [[r.DBuffer:1]]
[2021.01.28-05.15.16:514][  0]LogConfig: Setting CVar [[r.ClearSceneMethod:1]]
[2021.01.28-05.15.16:514][  0]LogConfig: Setting CVar [[r.BasePassOutputsVelocity:0]]
[2021.01.28-05.15.16:514][  0]LogConfig: Setting CVar [[r.VertexDeformationOutputsVelocity:0]]
[2021.01.28-05.15.16:514][  0]LogConfig: Setting CVar [[r.SelectiveBasePassOutputs:0]]
[2021.01.28-05.15.16:514][  0]LogConfig: Setting CVar [[fx.GPUSimulationTextureSizeX:1024]]
[2021.01.28-05.15.16:514][  0]LogConfig: Setting CVar [[fx.GPUSimulationTextureSizeY:1024]]
[2021.01.28-05.15.16:514][  0]LogConfig: Setting CVar [[r.AllowGlobalClipPlane:0]]
[2021.01.28-05.15.16:514][  0]LogConfig: Setting CVar [[r.GBufferFormat:1]]
[2021.01.28-05.15.16:514][  0]LogConfig: Setting CVar [[r.MorphTarget.Mode:1]]
[2021.01.28-05.15.16:514][  0]LogConfig: Setting CVar [[vr.InstancedStereo:0]]
[2021.01.28-05.15.16:514][  0]LogConfig: Setting CVar [[r.MobileHDR:1]]
[2021.01.28-05.15.16:514][  0]LogConfig: Setting CVar [[vr.MobileMultiView:0]]
[2021.01.28-05.15.16:514][  0]LogConfig: Setting CVar [[r.Mobile.UseHWsRGBEncoding:0]]
[2021.01.28-05.15.16:514][  0]LogConfig: Setting CVar [[vr.RoundRobinOcclusion:0]]
[2021.01.28-05.15.16:514][  0]LogConfig: Setting CVar [[vr.ODSCapture:0]]
[2021.01.28-05.15.16:514][  0]LogConfig: Setting CVar [[r.MeshStreaming:0]]
[2021.01.28-05.15.16:514][  0]LogConfig: Setting CVar [[r.WireframeCullThreshold:5.000000]]
[2021.01.28-05.15.16:514][  0]LogConfig: Setting CVar [[r.RayTracing:0]]
[2021.01.28-05.15.16:514][  0]LogConfig: Setting CVar [[r.RayTracing.UseTextureLod:0]]
[2021.01.28-05.15.16:514][  0]LogConfig: Setting CVar [[r.SupportStationarySkylight:1]]
[2021.01.28-05.15.16:514][  0]LogConfig: Setting CVar [[r.SupportLowQualityLightmaps:1]]
[2021.01.28-05.15.16:514][  0]LogConfig: Setting CVar [[r.SupportPointLightWholeSceneShadows:1]]
[2021.01.28-05.15.16:514][  0]LogConfig: Setting CVar [[r.SupportAtmosphericFog:1]]
[2021.01.28-05.15.16:514][  0]LogConfig: Setting CVar [[r.SupportSkyAtmosphere:1]]
[2021.01.28-05.15.16:514][  0]LogConfig: Setting CVar [[r.SupportSkyAtmosphereAffectsHeightFog:0]]
[2021.01.28-05.15.16:514][  0]LogConfig: Setting CVar [[r.SkinCache.CompileShaders:0]]
[2021.01.28-05.15.16:514][  0]LogConfig: Setting CVar [[r.SkinCache.DefaultBehavior:1]]
[2021.01.28-05.15.16:514][  0]LogConfig: Setting CVar [[r.SkinCache.SceneMemoryLimitInMB:128.000000]]
[2021.01.28-05.15.16:514][  0]LogConfig: Setting CVar [[r.Mobile.EnableStaticAndCSMShadowReceivers:1]]
[2021.01.28-05.15.16:514][  0]LogConfig: Setting CVar [[r.Mobile.EnableMovableLightCSMShaderCulling:1]]
[2021.01.28-05.15.16:514][  0]LogConfig: Setting CVar [[r.Mobile.AllowDistanceFieldShadows:1]]
[2021.01.28-05.15.16:514][  0]LogConfig: Setting CVar [[r.Mobile.AllowMovableDirectionalLights:1]]
[2021.01.28-05.15.16:514][  0]LogConfig: Setting CVar [[r.MobileNumDynamicPointLights:4]]
[2021.01.28-05.15.16:515][  0]LogConfig: Setting CVar [[r.MobileDynamicPointLightsUseStaticBranch:1]]
[2021.01.28-05.15.16:515][  0]LogConfig: Setting CVar [[r.Mobile.EnableMovableSpotlights:0]]
[2021.01.28-05.15.16:515][  0]LogConfig: Setting CVar [[r.GPUSkin.Support16BitBoneIndex:0]]
[2021.01.28-05.15.16:515][  0]LogConfig: Setting CVar [[r.GPUSkin.Limit2BoneInfluences:0]]
[2021.01.28-05.15.16:515][  0]LogConfig: Setting CVar [[r.SupportDepthOnlyIndexBuffers:1]]
[2021.01.28-05.15.16:515][  0]LogConfig: Setting CVar [[r.SupportReversedIndexBuffers:1]]
[2021.01.28-05.15.16:515][  0]LogConfig: Setting CVar [[r.SupportMaterialLayers:0]]
[2021.01.28-05.15.16:515][  0]LogConfig: Setting CVar [[r.LightPropagationVolume:0]]
[2021.01.28-05.15.16:515][  0]LogConfig: Applying CVar settings from Section [/Script/Engine.RendererOverrideSettings] File [D:/Chris/Documents/School Work/Semester 4/High Level 2/Mini Capstone/W21_GAM1528_ParticleInteractive/ShadowStalk/Saved/Config/Windows/Engine.ini]
[2021.01.28-05.15.16:515][  0]LogConfig: Applying CVar settings from Section [/Script/Engine.StreamingSettings] File [D:/Chris/Documents/School Work/Semester 4/High Level 2/Mini Capstone/W21_GAM1528_ParticleInteractive/ShadowStalk/Saved/Config/Windows/Engine.ini]
[2021.01.28-05.15.16:515][  0]LogConfig: Setting CVar [[s.MinBulkDataSizeForAsyncLoading:131072]]
[2021.01.28-05.15.16:515][  0]LogConfig: Setting CVar [[s.AsyncLoadingThreadEnabled:0]]
[2021.01.28-05.15.16:515][  0]LogConfig: Setting CVar [[s.EventDrivenLoaderEnabled:1]]
[2021.01.28-05.15.16:515][  0]LogConfig: Setting CVar [[s.WarnIfTimeLimitExceeded:0]]
[2021.01.28-05.15.16:515][  0]LogConfig: Setting CVar [[s.TimeLimitExceededMultiplier:1.5]]
[2021.01.28-05.15.16:515][  0]LogConfig: Setting CVar [[s.TimeLimitExceededMinTime:0.005]]
[2021.01.28-05.15.16:515][  0]LogConfig: Setting CVar [[s.UseBackgroundLevelStreaming:1]]
[2021.01.28-05.15.16:515][  0]LogConfig: Setting CVar [[s.PriorityAsyncLoadingExtraTime:15.0]]
[2021.01.28-05.15.16:515][  0]LogConfig: Setting CVar [[s.LevelStreamingActorsUpdateTimeLimit:5.0]]
[2021.01.28-05.15.16:515][  0]LogConfig: Setting CVar [[s.PriorityLevelStreamingActorsUpdateExtraTime:5.0]]
[2021.01.28-05.15.16:515][  0]LogConfig: Setting CVar [[s.LevelStreamingComponentsRegistrationGranularity:10]]
[2021.01.28-05.15.16:515][  0]LogConfig: Setting CVar [[s.UnregisterComponentsTimeLimit:1.0]]
[2021.01.28-05.15.16:515][  0]LogConfig: Setting CVar [[s.LevelStreamingComponentsUnregistrationGranularity:5]]
[2021.01.28-05.15.16:515][  0]LogConfig: Setting CVar [[s.FlushStreamingOnExit:1]]
[2021.01.28-05.15.16:515][  0]LogConfig: Applying CVar settings from Section [/Script/Engine.GarbageCollectionSettings] File [D:/Chris/Documents/School Work/Semester 4/High Level 2/Mini Capstone/W21_GAM1528_ParticleInteractive/ShadowStalk/Saved/Config/Windows/Engine.ini]
[2021.01.28-05.15.16:515][  0]LogConfig: Setting CVar [[gc.MaxObjectsNotConsideredByGC:1]]
[2021.01.28-05.15.16:515][  0]LogConfig: Setting CVar [[gc.SizeOfPermanentObjectPool:0]]
[2021.01.28-05.15.16:515][  0]LogConfig: Setting CVar [[gc.FlushStreamingOnGC:0]]
[2021.01.28-05.15.16:515][  0]LogConfig: Setting CVar [[gc.NumRetriesBeforeForcingGC:10]]
[2021.01.28-05.15.16:515][  0]LogConfig: Setting CVar [[gc.AllowParallelGC:1]]
[2021.01.28-05.15.16:515][  0]LogConfig: Setting CVar [[gc.TimeBetweenPurgingPendingKillObjects:61.1]]
[2021.01.28-05.15.16:515][  0]LogConfig: Setting CVar [[gc.MaxObjectsInEditor:25165824]]
[2021.01.28-05.15.16:515][  0]LogConfig: Setting CVar [[gc.IncrementalBeginDestroyEnabled:1]]
[2021.01.28-05.15.16:515][  0]LogConfig: Setting CVar [[gc.CreateGCClusters:1]]
[2021.01.28-05.15.16:515][  0]LogConfig: Setting CVar [[gc.MinGCClusterSize:5]]
[2021.01.28-05.15.16:515][  0]LogConfig: Setting CVar [[gc.ActorClusteringEnabled:0]]
[2021.01.28-05.15.16:515][  0]LogConfig: Setting CVar [[gc.BlueprintClusteringEnabled:0]]
[2021.01.28-05.15.16:515][  0]LogConfig: Setting CVar [[gc.UseDisregardForGCOnDedicatedServers:0]]
[2021.01.28-05.15.16:515][  0]LogConfig: Applying CVar settings from Section [/Script/Engine.NetworkSettings] File [D:/Chris/Documents/School Work/Semester 4/High Level 2/Mini Capstone/W21_GAM1528_ParticleInteractive/ShadowStalk/Saved/Config/Windows/Engine.ini]
[2021.01.28-05.15.16:515][  0]LogConfig: Applying CVar settings from Section [/Script/UnrealEd.CookerSettings] File [D:/Chris/Documents/School Work/Semester 4/High Level 2/Mini Capstone/W21_GAM1528_ParticleInteractive/ShadowStalk/Saved/Config/Windows/Engine.ini]
[2021.01.28-05.15.16:628][  0]LogConfig: Applying CVar settings from Section [ViewDistanceQuality@3] File [D:/Chris/Documents/School Work/Semester 4/High Level 2/Mini Capstone/W21_GAM1528_ParticleInteractive/ShadowStalk/Saved/Config/Windows/Scalability.ini]
[2021.01.28-05.15.16:628][  0]LogConfig: Setting CVar [[r.SkeletalMeshLODBias:0]]
[2021.01.28-05.15.16:628][  0]LogConfig: Setting CVar [[r.ViewDistanceScale:1.0]]
[2021.01.28-05.15.16:628][  0]LogConfig: Applying CVar settings from Section [AntiAliasingQuality@3] File [D:/Chris/Documents/School Work/Semester 4/High Level 2/Mini Capstone/W21_GAM1528_ParticleInteractive/ShadowStalk/Saved/Config/Windows/Scalability.ini]
[2021.01.28-05.15.16:628][  0]LogConfig: Setting CVar [[r.PostProcessAAQuality:4]]
[2021.01.28-05.15.16:628][  0]LogConfig: Applying CVar settings from Section [ShadowQuality@3] File [D:/Chris/Documents/School Work/Semester 4/High Level 2/Mini Capstone/W21_GAM1528_ParticleInteractive/ShadowStalk/Saved/Config/Windows/Scalability.ini]
[2021.01.28-05.15.16:628][  0]LogConfig: Setting CVar [[r.LightFunctionQuality:1]]
[2021.01.28-05.15.16:628][  0]LogConfig: Setting CVar [[r.ShadowQuality:5]]
[2021.01.28-05.15.16:628][  0]LogConfig: Setting CVar [[r.Shadow.CSM.MaxCascades:10]]
[2021.01.28-05.15.16:628][  0]LogConfig: Setting CVar [[r.Shadow.MaxResolution:2048]]
[2021.01.28-05.15.16:628][  0]LogConfig: Setting CVar [[r.Shadow.MaxCSMResolution:2048]]
[2021.01.28-05.15.16:628][  0]LogConfig: Setting CVar [[r.Shadow.RadiusThreshold:0.01]]
[2021.01.28-05.15.16:628][  0]LogConfig: Setting CVar [[r.Shadow.DistanceScale:1.0]]
[2021.01.28-05.15.16:628][  0]LogConfig: Setting CVar [[r.Shadow.CSM.TransitionScale:1.0]]
[2021.01.28-05.15.16:628][  0]LogConfig: Setting CVar [[r.Shadow.PreShadowResolutionFactor:1.0]]
[2021.01.28-05.15.16:628][  0]LogConfig: Setting CVar [[r.DistanceFieldShadowing:1]]
[2021.01.28-05.15.16:628][  0]LogConfig: Setting CVar [[r.DistanceFieldAO:1]]
[2021.01.28-05.15.16:628][  0]LogConfig: Setting CVar [[r.AOQuality:2]]
[2021.01.28-05.15.16:628][  0]LogConfig: Setting CVar [[r.VolumetricFog:1]]
[2021.01.28-05.15.16:628][  0]LogConfig: Setting CVar [[r.VolumetricFog.GridPixelSize:8]]
[2021.01.28-05.15.16:628][  0]LogConfig: Setting CVar [[r.VolumetricFog.GridSizeZ:128]]
[2021.01.28-05.15.16:628][  0]LogConfig: Setting CVar [[r.VolumetricFog.HistoryMissSupersampleCount:4]]
[2021.01.28-05.15.16:628][  0]LogConfig: Setting CVar [[r.LightMaxDrawDistanceScale:1]]
[2021.01.28-05.15.16:628][  0]LogConfig: Setting CVar [[r.CapsuleShadows:1]]
[2021.01.28-05.15.16:628][  0]LogConfig: Applying CVar settings from Section [PostProcessQuality@3] File [D:/Chris/Documents/School Work/Semester 4/High Level 2/Mini Capstone/W21_GAM1528_ParticleInteractive/ShadowStalk/Saved/Config/Windows/Scalability.ini]
[2021.01.28-05.15.16:628][  0]LogConfig: Setting CVar [[r.MotionBlurQuality:4]]
[2021.01.28-05.15.16:628][  0]LogConfig: Setting CVar [[r.AmbientOcclusionMipLevelFactor:0.4]]
[2021.01.28-05.15.16:628][  0]LogConfig: Setting CVar [[r.AmbientOcclusionMaxQuality:100]]
[2021.01.28-05.15.16:628][  0]LogConfig: Setting CVar [[r.AmbientOcclusionLevels:-1]]
[2021.01.28-05.15.16:628][  0]LogConfig: Setting CVar [[r.AmbientOcclusionRadiusScale:1.0]]
[2021.01.28-05.15.16:628][  0]LogConfig: Setting CVar [[r.DepthOfFieldQuality:2]]
[2021.01.28-05.15.16:628][  0]LogConfig: Setting CVar [[r.RenderTargetPoolMin:400]]
[2021.01.28-05.15.16:628][  0]LogConfig: Setting CVar [[r.LensFlareQuality:2]]
[2021.01.28-05.15.16:628][  0]LogConfig: Setting CVar [[r.SceneColorFringeQuality:1]]
[2021.01.28-05.15.16:628][  0]LogConfig: Setting CVar [[r.EyeAdaptationQuality:2]]
[2021.01.28-05.15.16:628][  0]LogConfig: Setting CVar [[r.BloomQuality:5]]
[2021.01.28-05.15.16:628][  0]LogConfig: Setting CVar [[r.FastBlurThreshold:100]]
[2021.01.28-05.15.16:628][  0]LogConfig: Setting CVar [[r.Upscale.Quality:3]]
[2021.01.28-05.15.16:628][  0]LogConfig: Setting CVar [[r.Tonemapper.GrainQuantization:1]]
[2021.01.28-05.15.16:628][  0]LogConfig: Setting CVar [[r.LightShaftQuality:1]]
[2021.01.28-05.15.16:628][  0]LogConfig: Setting CVar [[r.Filter.SizeScale:1]]
[2021.01.28-05.15.16:628][  0]LogConfig: Setting CVar [[r.Tonemapper.Quality:5]]
[2021.01.28-05.15.16:628][  0]LogConfig: Setting CVar [[r.DOF.Gather.AccumulatorQuality:1        ; higher gathering accumulator quality]]
[2021.01.28-05.15.16:628][  0]LogConfig: Setting CVar [[r.DOF.Gather.PostfilterMethod:1          ; Median3x3 postfilering method]]
[2021.01.28-05.15.16:628][  0]LogConfig: Setting CVar [[r.DOF.Gather.EnableBokehSettings:0       ; no bokeh simulation when gathering]]
[2021.01.28-05.15.16:628][  0]LogConfig: Setting CVar [[r.DOF.Gather.RingCount:4                 ; medium number of samples when gathering]]
[2021.01.28-05.15.16:628][  0]LogConfig: Setting CVar [[r.DOF.Scatter.ForegroundCompositing:1    ; additive foreground scattering]]
[2021.01.28-05.15.16:628][  0]LogConfig: Setting CVar [[r.DOF.Scatter.BackgroundCompositing:2    ; additive background scattering]]
[2021.01.28-05.15.16:628][  0]LogConfig: Setting CVar [[r.DOF.Scatter.EnableBokehSettings:1      ; bokeh simulation when scattering]]
[2021.01.28-05.15.16:628][  0]LogConfig: Setting CVar [[r.DOF.Scatter.MaxSpriteRatio:0.1         ; only a maximum of 10% of scattered bokeh]]
[2021.01.28-05.15.16:628][  0]LogConfig: Setting CVar [[r.DOF.Recombine.Quality:1                ; cheap slight out of focus]]
[2021.01.28-05.15.16:628][  0]LogConfig: Setting CVar [[r.DOF.Recombine.EnableBokehSettings:0    ; no bokeh simulation on slight out of focus]]
[2021.01.28-05.15.16:628][  0]LogConfig: Setting CVar [[r.DOF.TemporalAAQuality:1                ; more stable temporal accumulation]]
[2021.01.28-05.15.16:628][  0]LogConfig: Setting CVar [[r.DOF.Kernel.MaxForegroundRadius:0.025]]
[2021.01.28-05.15.16:628][  0]LogConfig: Setting CVar [[r.DOF.Kernel.MaxBackgroundRadius:0.025]]
[2021.01.28-05.15.16:628][  0]LogConfig: Applying CVar settings from Section [TextureQuality@3] File [D:/Chris/Documents/School Work/Semester 4/High Level 2/Mini Capstone/W21_GAM1528_ParticleInteractive/ShadowStalk/Saved/Config/Windows/Scalability.ini]
[2021.01.28-05.15.16:628][  0]LogConfig: Setting CVar [[r.Streaming.MipBias:0]]
[2021.01.28-05.15.16:628][  0]LogConfig: Setting CVar [[r.Streaming.AmortizeCPUToGPUCopy:0]]
[2021.01.28-05.15.16:628][  0]LogConfig: Setting CVar [[r.Streaming.MaxNumTexturesToStreamPerFrame:0]]
[2021.01.28-05.15.16:628][  0]LogConfig: Setting CVar [[r.Streaming.Boost:1]]
[2021.01.28-05.15.16:628][  0]LogConfig: Setting CVar [[r.MaxAnisotropy:8]]
[2021.01.28-05.15.16:628][  0]LogConfig: Setting CVar [[r.VT.MaxAnisotropy:8]]
[2021.01.28-05.15.16:628][  0]LogConfig: Setting CVar [[r.Streaming.LimitPoolSizeToVRAM:0]]
[2021.01.28-05.15.16:628][  0]LogConfig: Setting CVar [[r.Streaming.PoolSize:1000]]
[2021.01.28-05.15.16:628][  0]LogConfig: Setting CVar [[r.Streaming.MaxEffectiveScreenSize:0]]
[2021.01.28-05.15.16:628][  0]LogConfig: Applying CVar settings from Section [EffectsQuality@3] File [D:/Chris/Documents/School Work/Semester 4/High Level 2/Mini Capstone/W21_GAM1528_ParticleInteractive/ShadowStalk/Saved/Config/Windows/Scalability.ini]
[2021.01.28-05.15.16:628][  0]LogConfig: Setting CVar [[r.TranslucencyLightingVolumeDim:64]]
[2021.01.28-05.15.16:628][  0]LogConfig: Setting CVar [[r.RefractionQuality:2]]
[2021.01.28-05.15.16:628][  0]LogConfig: Setting CVar [[r.SSR.Quality:3]]
[2021.01.28-05.15.16:628][  0]LogConfig: Setting CVar [[r.SSR.HalfResSceneColor:0]]
[2021.01.28-05.15.16:628][  0]LogConfig: Setting CVar [[r.SceneColorFormat:4]]
[2021.01.28-05.15.16:628][  0]LogConfig: Setting CVar [[r.DetailMode:2]]
[2021.01.28-05.15.16:628][  0]LogConfig: Setting CVar [[r.TranslucencyVolumeBlur:1]]
[2021.01.28-05.15.16:628][  0]LogConfig: Setting CVar [[r.MaterialQualityLevel:1 ; High quality]]
[2021.01.28-05.15.16:628][  0]LogConfig: Setting CVar [[r.SSS.Scale:1]]
[2021.01.28-05.15.16:628][  0]LogConfig: Setting CVar [[r.SSS.SampleSet:2]]
[2021.01.28-05.15.16:628][  0]LogConfig: Setting CVar [[r.SSS.Quality:1]]
[2021.01.28-05.15.16:628][  0]LogConfig: Setting CVar [[r.SSS.HalfRes:0]]
[2021.01.28-05.15.16:628][  0]LogConfig: Setting CVar [[r.SSGI.Quality:3]]
[2021.01.28-05.15.16:628][  0]LogConfig: Setting CVar [[r.EmitterSpawnRateScale:1.0]]
[2021.01.28-05.15.16:628][  0]LogConfig: Setting CVar [[r.ParticleLightQuality:2]]
[2021.01.28-05.15.16:628][  0]LogConfig: Setting CVar [[r.SkyAtmosphere.AerialPerspectiveLUT.FastApplyOnOpaque:1 ; Always have FastSkyLUT 1 in this case to avoid wrong sky]]
[2021.01.28-05.15.16:628][  0]LogConfig: Setting CVar [[r.SkyAtmosphere.AerialPerspectiveLUT.SampleCountPerSlice:1]]
[2021.01.28-05.15.16:628][  0]LogConfig: Setting CVar [[r.SkyAtmosphere.AerialPerspectiveLUT.DepthResolution:16.0]]
[2021.01.28-05.15.16:628][  0]LogConfig: Setting CVar [[r.SkyAtmosphere.FastSkyLUT:1]]
[2021.01.28-05.15.16:628][  0]LogConfig: Setting CVar [[r.SkyAtmosphere.FastSkyLUT.SampleCountMin:4.0]]
[2021.01.28-05.15.16:628][  0]LogConfig: Setting CVar [[r.SkyAtmosphere.FastSkyLUT.SampleCountMax:32.0]]
[2021.01.28-05.15.16:628][  0]LogConfig: Setting CVar [[r.SkyAtmosphere.SampleCountMin:4.0]]
[2021.01.28-05.15.16:628][  0]LogConfig: Setting CVar [[r.SkyAtmosphere.SampleCountMax:32.0]]
[2021.01.28-05.15.16:628][  0]LogConfig: Setting CVar [[r.SkyAtmosphere.TransmittanceLUT.UseSmallFormat:0]]
[2021.01.28-05.15.16:628][  0]LogConfig: Setting CVar [[r.SkyAtmosphere.TransmittanceLUT.SampleCount:10.0]]
[2021.01.28-05.15.16:628][  0]LogConfig: Setting CVar [[r.SkyAtmosphere.MultiScatteringLUT.SampleCount:15.0]]
[2021.01.28-05.15.16:628][  0]LogConfig: Applying CVar settings from Section [FoliageQuality@3] File [D:/Chris/Documents/School Work/Semester 4/High Level 2/Mini Capstone/W21_GAM1528_ParticleInteractive/ShadowStalk/Saved/Config/Windows/Scalability.ini]
[2021.01.28-05.15.16:628][  0]LogConfig: Setting CVar [[foliage.DensityScale:1.0]]
[2021.01.28-05.15.16:628][  0]LogConfig: Setting CVar [[grass.DensityScale:1.0]]
[2021.01.28-05.15.16:628][  0]LogConfig: Applying CVar settings from Section [ShadingQuality@3] File [D:/Chris/Documents/School Work/Semester 4/High Level 2/Mini Capstone/W21_GAM1528_ParticleInteractive/ShadowStalk/Saved/Config/Windows/Scalability.ini]
[2021.01.28-05.15.16:628][  0]LogConfig: Setting CVar [[r.HairStrands.SkyLighting.SampleCount:16]]
[2021.01.28-05.15.16:628][  0]LogConfig: Setting CVar [[r.HairStrands.SkyLighting.JitterIntegration:0]]
[2021.01.28-05.15.16:628][  0]LogConfig: Setting CVar [[r.HairStrands.SkyAO.SampleCount:16]]
[2021.01.28-05.15.16:628][  0]LogConfig: Setting CVar [[r.HairStrands.DeepShadow.SuperSampling:0]]
[2021.01.28-05.15.16:628][  0]LogConfig: Setting CVar [[r.HairStrands.VisibilityPPLL:0]]
[2021.01.28-05.15.16:628][  0]LogConfig: Setting CVar [[r.HairStrands.RasterizationScale:0.5]]
[2021.01.28-05.15.16:628][  0]LogConfig: Setting CVar [[r.HairStrands.VelocityRasterizationScale:1]]
[2021.01.28-05.15.16:663][  0]LogInit: Selected Device Profile: [Windows]
[2021.01.28-05.15.16:663][  0]LogInit: Applying CVar settings loaded from the selected device profile: [Windows]
[2021.01.28-05.15.16:851][  0]LogHAL: Display: Platform has ~ 12 GB [12719542272 / 17179869184 / 12], which maps to Larger [LargestMinGB=32, LargerMinGB=12, DefaultMinGB=8, SmallerMinGB=6, SmallestMinGB=0)
[2021.01.28-05.15.16:851][  0]LogInit: Going up to parent DeviceProfile []
[2021.01.28-05.15.16:851][  0]LogConfig: Applying CVar settings from Section [ViewDistanceQuality@3] File [D:/Chris/Documents/School Work/Semester 4/High Level 2/Mini Capstone/W21_GAM1528_ParticleInteractive/ShadowStalk/Saved/Config/Windows/Scalability.ini]
[2021.01.28-05.15.16:851][  0]LogConfig: Setting CVar [[r.SkeletalMeshLODBias:0]]
[2021.01.28-05.15.16:851][  0]LogConfig: Setting CVar [[r.ViewDistanceScale:1.0]]
[2021.01.28-05.15.16:851][  0]LogConfig: Applying CVar settings from Section [AntiAliasingQuality@3] File [D:/Chris/Documents/School Work/Semester 4/High Level 2/Mini Capstone/W21_GAM1528_ParticleInteractive/ShadowStalk/Saved/Config/Windows/Scalability.ini]
[2021.01.28-05.15.16:851][  0]LogConfig: Setting CVar [[r.PostProcessAAQuality:4]]
[2021.01.28-05.15.16:851][  0]LogConfig: Applying CVar settings from Section [ShadowQuality@3] File [D:/Chris/Documents/School Work/Semester 4/High Level 2/Mini Capstone/W21_GAM1528_ParticleInteractive/ShadowStalk/Saved/Config/Windows/Scalability.ini]
[2021.01.28-05.15.16:851][  0]LogConfig: Setting CVar [[r.LightFunctionQuality:1]]
[2021.01.28-05.15.16:851][  0]LogConfig: Setting CVar [[r.ShadowQuality:5]]
[2021.01.28-05.15.16:851][  0]LogConfig: Setting CVar [[r.Shadow.CSM.MaxCascades:10]]
[2021.01.28-05.15.16:851][  0]LogConfig: Setting CVar [[r.Shadow.MaxResolution:2048]]
[2021.01.28-05.15.16:851][  0]LogConfig: Setting CVar [[r.Shadow.MaxCSMResolution:2048]]
[2021.01.28-05.15.16:851][  0]LogConfig: Setting CVar [[r.Shadow.RadiusThreshold:0.01]]
[2021.01.28-05.15.16:851][  0]LogConfig: Setting CVar [[r.Shadow.DistanceScale:1.0]]
[2021.01.28-05.15.16:851][  0]LogConfig: Setting CVar [[r.Shadow.CSM.TransitionScale:1.0]]
[2021.01.28-05.15.16:851][  0]LogConfig: Setting CVar [[r.Shadow.PreShadowResolutionFactor:1.0]]
[2021.01.28-05.15.16:851][  0]LogConfig: Setting CVar [[r.DistanceFieldShadowing:1]]
[2021.01.28-05.15.16:851][  0]LogConfig: Setting CVar [[r.DistanceFieldAO:1]]
[2021.01.28-05.15.16:851][  0]LogConfig: Setting CVar [[r.AOQuality:2]]
[2021.01.28-05.15.16:851][  0]LogConfig: Setting CVar [[r.VolumetricFog:1]]
[2021.01.28-05.15.16:851][  0]LogConfig: Setting CVar [[r.VolumetricFog.GridPixelSize:8]]
[2021.01.28-05.15.16:851][  0]LogConfig: Setting CVar [[r.VolumetricFog.GridSizeZ:128]]
[2021.01.28-05.15.16:851][  0]LogConfig: Setting CVar [[r.VolumetricFog.HistoryMissSupersampleCount:4]]
[2021.01.28-05.15.16:851][  0]LogConfig: Setting CVar [[r.LightMaxDrawDistanceScale:1]]
[2021.01.28-05.15.16:851][  0]LogConfig: Setting CVar [[r.CapsuleShadows:1]]
[2021.01.28-05.15.16:851][  0]LogConfig: Applying CVar settings from Section [PostProcessQuality@3] File [D:/Chris/Documents/School Work/Semester 4/High Level 2/Mini Capstone/W21_GAM1528_ParticleInteractive/ShadowStalk/Saved/Config/Windows/Scalability.ini]
[2021.01.28-05.15.16:851][  0]LogConfig: Setting CVar [[r.MotionBlurQuality:4]]
[2021.01.28-05.15.16:851][  0]LogConfig: Setting CVar [[r.AmbientOcclusionMipLevelFactor:0.4]]
[2021.01.28-05.15.16:851][  0]LogConfig: Setting CVar [[r.AmbientOcclusionMaxQuality:100]]
[2021.01.28-05.15.16:851][  0]LogConfig: Setting CVar [[r.AmbientOcclusionLevels:-1]]
[2021.01.28-05.15.16:851][  0]LogConfig: Setting CVar [[r.AmbientOcclusionRadiusScale:1.0]]
[2021.01.28-05.15.16:851][  0]LogConfig: Setting CVar [[r.DepthOfFieldQuality:2]]
[2021.01.28-05.15.16:851][  0]LogConfig: Setting CVar [[r.RenderTargetPoolMin:400]]
[2021.01.28-05.15.16:852][  0]LogConfig: Setting CVar [[r.LensFlareQuality:2]]
[2021.01.28-05.15.16:852][  0]LogConfig: Setting CVar [[r.SceneColorFringeQuality:1]]
[2021.01.28-05.15.16:852][  0]LogConfig: Setting CVar [[r.EyeAdaptationQuality:2]]
[2021.01.28-05.15.16:852][  0]LogConfig: Setting CVar [[r.BloomQuality:5]]
[2021.01.28-05.15.16:852][  0]LogConfig: Setting CVar [[r.FastBlurThreshold:100]]
[2021.01.28-05.15.16:852][  0]LogConfig: Setting CVar [[r.Upscale.Quality:3]]
[2021.01.28-05.15.16:852][  0]LogConfig: Setting CVar [[r.Tonemapper.GrainQuantization:1]]
[2021.01.28-05.15.16:852][  0]LogConfig: Setting CVar [[r.LightShaftQuality:1]]
[2021.01.28-05.15.16:852][  0]LogConfig: Setting CVar [[r.Filter.SizeScale:1]]
[2021.01.28-05.15.16:852][  0]LogConfig: Setting CVar [[r.Tonemapper.Quality:5]]
[2021.01.28-05.15.16:852][  0]LogConfig: Setting CVar [[r.DOF.Gather.AccumulatorQuality:1        ; higher gathering accumulator quality]]
[2021.01.28-05.15.16:852][  0]LogConfig: Setting CVar [[r.DOF.Gather.PostfilterMethod:1          ; Median3x3 postfilering method]]
[2021.01.28-05.15.16:852][  0]LogConfig: Setting CVar [[r.DOF.Gather.EnableBokehSettings:0       ; no bokeh simulation when gathering]]
[2021.01.28-05.15.16:852][  0]LogConfig: Setting CVar [[r.DOF.Gather.RingCount:4                 ; medium number of samples when gathering]]
[2021.01.28-05.15.16:852][  0]LogConfig: Setting CVar [[r.DOF.Scatter.ForegroundCompositing:1    ; additive foreground scattering]]
[2021.01.28-05.15.16:852][  0]LogConfig: Setting CVar [[r.DOF.Scatter.BackgroundCompositing:2    ; additive background scattering]]
[2021.01.28-05.15.16:852][  0]LogConfig: Setting CVar [[r.DOF.Scatter.EnableBokehSettings:1      ; bokeh simulation when scattering]]
[2021.01.28-05.15.16:852][  0]LogConfig: Setting CVar [[r.DOF.Scatter.MaxSpriteRatio:0.1         ; only a maximum of 10% of scattered bokeh]]
[2021.01.28-05.15.16:852][  0]LogConfig: Setting CVar [[r.DOF.Recombine.Quality:1                ; cheap slight out of focus]]
[2021.01.28-05.15.16:852][  0]LogConfig: Setting CVar [[r.DOF.Recombine.EnableBokehSettings:0    ; no bokeh simulation on slight out of focus]]
[2021.01.28-05.15.16:852][  0]LogConfig: Setting CVar [[r.DOF.TemporalAAQuality:1                ; more stable temporal accumulation]]
[2021.01.28-05.15.16:852][  0]LogConfig: Setting CVar [[r.DOF.Kernel.MaxForegroundRadius:0.025]]
[2021.01.28-05.15.16:852][  0]LogConfig: Setting CVar [[r.DOF.Kernel.MaxBackgroundRadius:0.025]]
[2021.01.28-05.15.16:852][  0]LogConfig: Applying CVar settings from Section [TextureQuality@3] File [D:/Chris/Documents/School Work/Semester 4/High Level 2/Mini Capstone/W21_GAM1528_ParticleInteractive/ShadowStalk/Saved/Config/Windows/Scalability.ini]
[2021.01.28-05.15.16:852][  0]LogConfig: Setting CVar [[r.Streaming.MipBias:0]]
[2021.01.28-05.15.16:852][  0]LogConfig: Setting CVar [[r.Streaming.AmortizeCPUToGPUCopy:0]]
[2021.01.28-05.15.16:852][  0]LogConfig: Setting CVar [[r.Streaming.MaxNumTexturesToStreamPerFrame:0]]
[2021.01.28-05.15.16:852][  0]LogConfig: Setting CVar [[r.Streaming.Boost:1]]
[2021.01.28-05.15.16:852][  0]LogConfig: Setting CVar [[r.MaxAnisotropy:8]]
[2021.01.28-05.15.16:852][  0]LogConfig: Setting CVar [[r.VT.MaxAnisotropy:8]]
[2021.01.28-05.15.16:852][  0]LogConfig: Setting CVar [[r.Streaming.LimitPoolSizeToVRAM:0]]
[2021.01.28-05.15.16:852][  0]LogConfig: Setting CVar [[r.Streaming.PoolSize:1000]]
[2021.01.28-05.15.16:852][  0]LogConfig: Setting CVar [[r.Streaming.MaxEffectiveScreenSize:0]]
[2021.01.28-05.15.16:852][  0]LogConfig: Applying CVar settings from Section [EffectsQuality@3] File [D:/Chris/Documents/School Work/Semester 4/High Level 2/Mini Capstone/W21_GAM1528_ParticleInteractive/ShadowStalk/Saved/Config/Windows/Scalability.ini]
[2021.01.28-05.15.16:852][  0]LogConfig: Setting CVar [[r.TranslucencyLightingVolumeDim:64]]
[2021.01.28-05.15.16:852][  0]LogConfig: Setting CVar [[r.RefractionQuality:2]]
[2021.01.28-05.15.16:852][  0]LogConfig: Setting CVar [[r.SSR.Quality:3]]
[2021.01.28-05.15.16:852][  0]LogConfig: Setting CVar [[r.SSR.HalfResSceneColor:0]]
[2021.01.28-05.15.16:852][  0]LogConfig: Setting CVar [[r.SceneColorFormat:4]]
[2021.01.28-05.15.16:852][  0]LogConfig: Setting CVar [[r.DetailMode:2]]
[2021.01.28-05.15.16:852][  0]LogConfig: Setting CVar [[r.TranslucencyVolumeBlur:1]]
[2021.01.28-05.15.16:852][  0]LogConfig: Setting CVar [[r.MaterialQualityLevel:1 ; High quality]]
[2021.01.28-05.15.16:852][  0]LogConfig: Setting CVar [[r.SSS.Scale:1]]
[2021.01.28-05.15.16:852][  0]LogConfig: Setting CVar [[r.SSS.SampleSet:2]]
[2021.01.28-05.15.16:852][  0]LogConfig: Setting CVar [[r.SSS.Quality:1]]
[2021.01.28-05.15.16:852][  0]LogConfig: Setting CVar [[r.SSS.HalfRes:0]]
[2021.01.28-05.15.16:852][  0]LogConfig: Setting CVar [[r.SSGI.Quality:3]]
[2021.01.28-05.15.16:852][  0]LogConfig: Setting CVar [[r.EmitterSpawnRateScale:1.0]]
[2021.01.28-05.15.16:852][  0]LogConfig: Setting CVar [[r.ParticleLightQuality:2]]
[2021.01.28-05.15.16:852][  0]LogConfig: Setting CVar [[r.SkyAtmosphere.AerialPerspectiveLUT.FastApplyOnOpaque:1 ; Always have FastSkyLUT 1 in this case to avoid wrong sky]]
[2021.01.28-05.15.16:852][  0]LogConfig: Setting CVar [[r.SkyAtmosphere.AerialPerspectiveLUT.SampleCountPerSlice:1]]
[2021.01.28-05.15.16:852][  0]LogConfig: Setting CVar [[r.SkyAtmosphere.AerialPerspectiveLUT.DepthResolution:16.0]]
[2021.01.28-05.15.16:852][  0]LogConfig: Setting CVar [[r.SkyAtmosphere.FastSkyLUT:1]]
[2021.01.28-05.15.16:852][  0]LogConfig: Setting CVar [[r.SkyAtmosphere.FastSkyLUT.SampleCountMin:4.0]]
[2021.01.28-05.15.16:852][  0]LogConfig: Setting CVar [[r.SkyAtmosphere.FastSkyLUT.SampleCountMax:32.0]]
[2021.01.28-05.15.16:852][  0]LogConfig: Setting CVar [[r.SkyAtmosphere.SampleCountMin:4.0]]
[2021.01.28-05.15.16:852][  0]LogConfig: Setting CVar [[r.SkyAtmosphere.SampleCountMax:32.0]]
[2021.01.28-05.15.16:852][  0]LogConfig: Setting CVar [[r.SkyAtmosphere.TransmittanceLUT.UseSmallFormat:0]]
[2021.01.28-05.15.16:852][  0]LogConfig: Setting CVar [[r.SkyAtmosphere.TransmittanceLUT.SampleCount:10.0]]
[2021.01.28-05.15.16:852][  0]LogConfig: Setting CVar [[r.SkyAtmosphere.MultiScatteringLUT.SampleCount:15.0]]
[2021.01.28-05.15.16:852][  0]LogConfig: Applying CVar settings from Section [FoliageQuality@3] File [D:/Chris/Documents/School Work/Semester 4/High Level 2/Mini Capstone/W21_GAM1528_ParticleInteractive/ShadowStalk/Saved/Config/Windows/Scalability.ini]
[2021.01.28-05.15.16:852][  0]LogConfig: Setting CVar [[foliage.DensityScale:1.0]]
[2021.01.28-05.15.16:852][  0]LogConfig: Setting CVar [[grass.DensityScale:1.0]]
[2021.01.28-05.15.16:852][  0]LogConfig: Applying CVar settings from Section [ShadingQuality@3] File [D:/Chris/Documents/School Work/Semester 4/High Level 2/Mini Capstone/W21_GAM1528_ParticleInteractive/ShadowStalk/Saved/Config/Windows/Scalability.ini]
[2021.01.28-05.15.16:852][  0]LogConfig: Setting CVar [[r.HairStrands.SkyLighting.SampleCount:16]]
[2021.01.28-05.15.16:852][  0]LogConfig: Setting CVar [[r.HairStrands.SkyLighting.JitterIntegration:0]]
[2021.01.28-05.15.16:852][  0]LogConfig: Setting CVar [[r.HairStrands.SkyAO.SampleCount:16]]
[2021.01.28-05.15.16:852][  0]LogConfig: Setting CVar [[r.HairStrands.DeepShadow.SuperSampling:0]]
[2021.01.28-05.15.16:852][  0]LogConfig: Setting CVar [[r.HairStrands.VisibilityPPLL:0]]
[2021.01.28-05.15.16:852][  0]LogConfig: Setting CVar [[r.HairStrands.RasterizationScale:0.5]]
[2021.01.28-05.15.16:852][  0]LogConfig: Setting CVar [[r.HairStrands.VelocityRasterizationScale:1]]
[2021.01.28-05.15.16:852][  0]LogConfig: Applying CVar settings from Section [Startup] File [../../../Engine/Config/ConsoleVariables.ini]
[2021.01.28-05.15.16:869][  0]LogConfig: Setting CVar [[net.UseAdaptiveNetUpdateFrequency:0]]
[2021.01.28-05.15.16:869][  0]LogConfig: Setting CVar [[p.chaos.AllowCreatePhysxBodies:1]]
[2021.01.28-05.15.16:869][  0]LogConfig: Setting CVar [[fx.SkipVectorVMBackendOptimizations:1]]
[2021.01.28-05.15.16:870][  0]LogConfig: Applying CVar settings from Section [ConsoleVariables] File [D:/Chris/Documents/School Work/Semester 4/High Level 2/Mini Capstone/W21_GAM1528_ParticleInteractive/ShadowStalk/Saved/Config/Windows/Engine.ini]
[2021.01.28-05.15.16:914][  0]LogInit: Computer: LAPTOP-F0K4E435
[2021.01.28-05.15.16:914][  0]LogInit: User: Chris
[2021.01.28-05.15.16:914][  0]LogInit: CPU Page size=4096, Cores=4
[2021.01.28-05.15.16:914][  0]LogInit: High frequency timer resolution =10.000000 MHz
[2021.01.28-05.15.16:928][  0]LogMemory: Memory total: Physical=11.8GB (12GB approx)
[2021.01.28-05.15.16:928][  0]LogMemory: Platform Memory Stats for Windows
[2021.01.28-05.15.16:928][  0]LogMemory: Process Physical Memory: 119.17 MB used, 119.18 MB peak
[2021.01.28-05.15.16:928][  0]LogMemory: Process Virtual Memory: 104.90 MB used, 104.90 MB peak
[2021.01.28-05.15.16:928][  0]LogMemory: Physical Memory: 6503.29 MB used,  5627.02 MB free, 12130.30 MB total
[2021.01.28-05.15.16:928][  0]LogMemory: Virtual Memory: 5190.02 MB used,  134212536.00 MB free, 134217728.00 MB total
[2021.01.28-05.15.16:937][  0]LogWindows: WindowsPlatformFeatures enabled
[2021.01.28-05.15.18:095][  0]LogInit: Physics initialised using underlying interface: PhysX
[2021.01.28-05.15.18:117][  0]LogInit: Using OS detected language (en-US).
[2021.01.28-05.15.18:117][  0]LogInit: Using OS detected locale (en-CA).
[2021.01.28-05.15.18:179][  0]LogTextLocalizationManager: No specific localization for 'en-US' exists, so the 'en' localization will be used.
[2021.01.28-05.15.19:333][  0]LogInit: Setting process to per monitor DPI aware
[2021.01.28-05.15.20:578][  0]LogSlate: New Slate User Created.  User Index 0, Is Virtual User: 0
[2021.01.28-05.15.20:578][  0]LogSlate: Slate User Registered.  User Index 0, Is Virtual User: 0
[2021.01.28-05.15.22:843][  0]LogHMD: Failed to initialize OpenVR with code 110
[2021.01.28-05.15.22:843][  0]LogD3D11RHI: D3D11 min allowed feature level: 11_0
[2021.01.28-05.15.22:843][  0]LogD3D11RHI: D3D11 max allowed feature level: 11_0
[2021.01.28-05.15.22:843][  0]LogD3D11RHI: D3D11 adapters:
[2021.01.28-05.15.23:042][  0]LogD3D11RHI:    0. 'NVIDIA GeForce GTX 1050' (Feature Level 11_0)
[2021.01.28-05.15.23:042][  0]LogD3D11RHI:       4019/0/6065 MB DedicatedVideo/DedicatedSystem/SharedSystem, Outputs:1, VendorId:0x10de
[2021.01.28-05.15.23:060][  0]LogD3D11RHI:    1. 'Intel(R) UHD Graphics 630' (Feature Level 11_0)
[2021.01.28-05.15.23:060][  0]LogD3D11RHI:       128/0/6065 MB DedicatedVideo/DedicatedSystem/SharedSystem, Outputs:0, VendorId:0x8086
[2021.01.28-05.15.23:066][  0]LogD3D11RHI:    2. 'Microsoft Basic Render Driver' (Feature Level 11_0)
[2021.01.28-05.15.23:066][  0]LogD3D11RHI:       0/0/6065 MB DedicatedVideo/DedicatedSystem/SharedSystem, Outputs:0, VendorId:0x1414
[2021.01.28-05.15.23:066][  0]LogD3D11RHI: Chosen D3D11 Adapter: 0
[2021.01.28-05.15.23:164][  0]LogD3D11RHI: Creating new Direct3DDevice
[2021.01.28-05.15.23:164][  0]LogD3D11RHI:     GPU DeviceId: 0x1c8d (for the marketing name, search the web for "GPU Device Id")
[2021.01.28-05.15.23:164][  0]LogWindows: EnumDisplayDevices:
[2021.01.28-05.15.23:164][  0]LogWindows:    0. 'Intel(R) UHD Graphics 630' (P:1 D:1)
[2021.01.28-05.15.23:165][  0]LogWindows:    1. 'Intel(R) UHD Graphics 630' (P:0 D:0)
[2021.01.28-05.15.23:165][  0]LogWindows:    2. 'Intel(R) UHD Graphics 630' (P:0 D:0)
[2021.01.28-05.15.23:165][  0]LogWindows:    3. 'NVIDIA GeForce GTX 1050' (P:0 D:0)
[2021.01.28-05.15.23:166][  0]LogWindows: DebugString: PrimaryIsNotTheChoosenAdapter PrimaryIsNotTheChoosenAdapter PrimaryIsNotTheChoosenAdapter 
[2021.01.28-05.15.23:166][  0]LogD3D11RHI:     Adapter Name: NVIDIA GeForce GTX 1050
[2021.01.28-05.15.23:196][  0]LogD3D11RHI:   Driver Version: 457.30 (internal:27.21.14.5730, unified:457.30)
[2021.01.28-05.15.23:196][  0]LogD3D11RHI:      Driver Date: 11-6-2020
[2021.01.28-05.15.23:197][  0]LogRHI: Texture pool is 2813 MB (70% of 4019 MB)
[2021.01.28-05.15.23:263][  0]LogD3D11RHI: RHI has support for 64 bit atomics
[2021.01.28-05.15.23:270][  0]LogD3D11RHI: [Aftermath] Enabled and primed
[2021.01.28-05.15.23:270][  0]LogD3D11RHI: Async texture creation enabled
[2021.01.28-05.15.23:270][  0]LogD3D11RHI: Array index from any shader is supported
[2021.01.28-05.15.24:034][  0]LogD3D11RHI: GPU Timing Frequency: 1000.000000 (Debug: 2 1)
[2021.01.28-05.15.24:575][  0]LogTargetPlatformManager: Display: Loaded TargetPlatform 'AllDesktop'
[2021.01.28-05.15.24:618][  0]LogTargetPlatformManager: Display: Loaded TargetPlatform 'Android'
[2021.01.28-05.15.24:618][  0]LogTargetPlatformManager: Display: Loaded TargetPlatform 'Android_ASTC'
[2021.01.28-05.15.24:618][  0]LogTargetPlatformManager: Display: Loaded TargetPlatform 'Android_DXT'
[2021.01.28-05.15.24:618][  0]LogTargetPlatformManager: Display: Loaded TargetPlatform 'Android_ETC2'
[2021.01.28-05.15.24:618][  0]LogTargetPlatformManager: Display: Loaded TargetPlatform 'AndroidClient'
[2021.01.28-05.15.24:618][  0]LogTargetPlatformManager: Display: Loaded TargetPlatform 'Android_ASTCClient'
[2021.01.28-05.15.24:618][  0]LogTargetPlatformManager: Display: Loaded TargetPlatform 'Android_DXTClient'
[2021.01.28-05.15.24:618][  0]LogTargetPlatformManager: Display: Loaded TargetPlatform 'Android_ETC2Client'
[2021.01.28-05.15.24:618][  0]LogTargetPlatformManager: Display: Loaded TargetPlatform 'Android_Multi'
[2021.01.28-05.15.24:618][  0]LogTargetPlatformManager: Display: Loaded TargetPlatform 'Android_MultiClient'
[2021.01.28-05.15.24:859][  0]LogTargetPlatformManager: Display: Loaded TargetPlatform 'IOSClient'
[2021.01.28-05.15.24:859][  0]LogTargetPlatformManager: Display: Loaded TargetPlatform 'IOS'
[2021.01.28-05.15.24:932][  0]LogTargetPlatformManager: Display: Loaded TargetPlatform 'Linux'
[2021.01.28-05.15.24:958][  0]LogTargetPlatformManager: Display: Loaded TargetPlatform 'LinuxNoEditor'
[2021.01.28-05.15.24:994][  0]LogTargetPlatformManager: Display: Loaded TargetPlatform 'LinuxClient'
[2021.01.28-05.15.25:203][  0]LogTargetPlatformManager: Display: Loaded TargetPlatform 'LinuxServer'
[2021.01.28-05.15.25:236][  0]LogTargetPlatformManager: Display: Loaded TargetPlatform 'LinuxAArch64NoEditor'
[2021.01.28-05.15.25:275][  0]LogTargetPlatformManager: Display: Loaded TargetPlatform 'LinuxAArch64Client'
[2021.01.28-05.15.25:307][  0]LogTargetPlatformManager: Display: Loaded TargetPlatform 'LinuxAArch64Server'
[2021.01.28-05.15.25:367][  0]LogTargetPlatformManager: Display: Loaded TargetPlatform 'Lumin'
[2021.01.28-05.15.25:367][  0]LogTargetPlatformManager: Display: Loaded TargetPlatform 'LuminClient'
[2021.01.28-05.15.25:404][  0]LogTargetPlatformManager: Display: Loaded TargetPlatform 'TVOSClient'
[2021.01.28-05.15.25:404][  0]LogTargetPlatformManager: Display: Loaded TargetPlatform 'TVOS'
[2021.01.28-05.15.25:567][  0]LogTargetPlatformManager: Display: Loaded TargetPlatform 'WindowsNoEditor'
[2021.01.28-05.15.25:591][  0]LogTargetPlatformManager: Display: Loaded TargetPlatform 'Windows'
[2021.01.28-05.15.25:613][  0]LogTargetPlatformManager: Display: Loaded TargetPlatform 'WindowsClient'
[2021.01.28-05.15.25:647][  0]LogTargetPlatformManager: Display: Loaded TargetPlatform 'WindowsServer'
[2021.01.28-05.15.25:647][  0]LogTargetPlatformManager: Display: Building Assets For Windows
[2021.01.28-05.15.25:929][  0]LogAudioDebug: Display: Lib vorbis DLL was dynamically loaded.
[2021.01.28-05.15.26:869][  0]LogShaderCompilers: Guid format shader working directory is -82 characters bigger than the processId version (../../../../../../Chris/Documents/School Work/Semester 4/High Level 2/Mini Capstone/W21_GAM1528_ParticleInteractive/ShadowStalk/Intermediate/Shaders/WorkingDirectory/20932/).
[2021.01.28-05.15.26:870][  0]LogShaderCompilers: Cleaned the shader compiler working directory 'C:/Users/Chris/AppData/Local/Temp/UnrealShaderWorkingDir/B8D3840942443ADF028618B5D80A6657/'.
[2021.01.28-05.15.26:904][  0]LogXGEController: Cleaning working directory: C:/Users/Chris/AppData/Local/Temp/UnrealXGEWorkingDir/
[2021.01.28-05.15.26:904][  0]LogXGEController: Cannot use XGE Controller as Incredibuild is not installed on this machine.
[2021.01.28-05.15.26:904][  0]LogShaderCompilers: Cannot use XGE Shader Compiler as Incredibuild is not installed on this machine.
[2021.01.28-05.15.26:904][  0]LogShaderCompilers: Display: Using Local Shader Compiler.
[2021.01.28-05.15.31:220][  0]LogDerivedDataCache: Display: Max Cache Size: 512 MB
[2021.01.28-05.15.31:676][  0]LogDerivedDataCache: Loaded boot cache 0.46s 83MB C:/Users/Chris/AppData/Local/UnrealEngine/4.25/DerivedDataCache/Boot.ddc.
[2021.01.28-05.15.31:676][  0]LogDerivedDataCache: Display: Loaded Boot cache: C:/Users/Chris/AppData/Local/UnrealEngine/4.25/DerivedDataCache/Boot.ddc
[2021.01.28-05.15.31:676][  0]LogDerivedDataCache: FDerivedDataBackendGraph:  Pak pak cache file ../../../../../../Chris/Documents/School Work/Semester 4/High Level 2/Mini Capstone/W21_GAM1528_ParticleInteractive/ShadowStalk/DerivedDataCache/DDC.ddp not found, will not use a pak cache.
[2021.01.28-05.15.31:676][  0]LogDerivedDataCache: Unable to find inner node Pak for hierarchical cache Hierarchy.
[2021.01.28-05.15.31:676][  0]LogDerivedDataCache: FDerivedDataBackendGraph:  CompressedPak pak cache file ../../../../../../Chris/Documents/School Work/Semester 4/High Level 2/Mini Capstone/W21_GAM1528_ParticleInteractive/ShadowStalk/DerivedDataCache/Compressed.ddp not found, will not use a pak cache.
[2021.01.28-05.15.31:676][  0]LogDerivedDataCache: Unable to find inner node CompressedPak for hierarchical cache Hierarchy.
[2021.01.28-05.15.31:737][  0]LogDerivedDataCache: Display: Pak cache opened for reading ../../../Engine/DerivedDataCache/Compressed.ddp.
[2021.01.28-05.15.31:737][  0]LogDerivedDataCache: FDerivedDataBackendGraph:  EnterprisePak pak cache file ../../../Enterprise/DerivedDataCache/Compressed.ddp not found, will not use a pak cache.
[2021.01.28-05.15.31:737][  0]LogDerivedDataCache: Unable to find inner node EnterprisePak for hierarchical cache Hierarchy.
[2021.01.28-05.15.31:738][  0]LogDerivedDataCache: Using Local data cache path C:/Users/Chris/AppData/Local/UnrealEngine/Common/DerivedDataCache: Writable
[2021.01.28-05.15.31:738][  0]LogDerivedDataCache: Shared data cache path not found in *engine.ini, will not use an Shared cache.
[2021.01.28-05.15.31:738][  0]LogDerivedDataCache: Unable to find inner node Shared for hierarchical cache Hierarchy.
[2021.01.28-05.15.32:045][  0]LogSlate: Using FreeType 2.10.0
[2021.01.28-05.15.32:110][  0]LogSlate: SlateFontServices - WITH_FREETYPE: 1, WITH_HARFBUZZ: 1
[2021.01.28-05.15.33:679][  0]LogAssetRegistry: FAssetRegistry took 0.0275 seconds to start up
[2021.01.28-05.15.41:058][  0]LogInit: Selected Device Profile: [Windows]
[2021.01.28-05.15.43:500][  0]LogMeshReduction: Using QuadricMeshReduction for automatic static mesh reduction
[2021.01.28-05.15.43:500][  0]LogMeshReduction: Using SimplygonMeshReduction for automatic skeletal mesh reduction
[2021.01.28-05.15.43:500][  0]LogMeshReduction: Using ProxyLODMeshReduction for automatic mesh merging
[2021.01.28-05.15.43:500][  0]LogMeshReduction: No distributed automatic mesh merging module available
[2021.01.28-05.15.43:517][  0]LogMeshMerging: No distributed automatic mesh merging module available
[2021.01.28-05.15.44:465][  0]LogNetVersion: ShadowStalk 1.0.0, NetCL: 13144385, EngineNetVer: 14, GameNetVer: 0 (Checksum: 2643608454)
[2021.01.28-05.16.00:861][  0]LogAISub: UAISubsystem::UAISubsystem AISubsystem (00000197CF608800), frame # 0
[2021.01.28-05.16.00:862][  0]LogAISub: UAISubsystem::UAISubsystem AIPerceptionSystem (00000197CF469080), frame # 0
[2021.01.28-05.16.01:177][  0]LogAISub: UAISubsystem::UAISubsystem EnvQueryManager (00000197CF4A5C00), frame # 0
[2021.01.28-05.16.01:974][  0]LogPackageLocalizationCache: Processed 19 localized package path(s) for 1 prioritized culture(s) in 0.090311 seconds
[2021.01.28-05.16.01:989][  0]LogUObjectArray: 15917 objects as part of root set at end of initial load.
[2021.01.28-05.16.01:989][  0]LogUObjectAllocator: 3965568 out of 0 bytes used by permanent object pool.
[2021.01.28-05.16.01:989][  0]LogUObjectArray: CloseDisregardForGC: 0/0 objects in disregard for GC pool
[2021.01.28-05.16.14:851][  0]LogTcpMessaging: Initializing TcpMessaging bridge
[2021.01.28-05.16.14:920][  0]LogUdpMessaging: Initializing bridge on interface 0.0.0.0:0 to multicast group 230.0.0.1:6666.
[2021.01.28-05.16.17:240][  0]SourceControl: Source control is disabled
[2021.01.28-05.16.17:259][  0]SourceControl: Source control is disabled
[2021.01.28-05.16.17:754][  0]SourceControl: Source control is disabled
[2021.01.28-05.16.17:937][  0]SourceControl: Source control is disabled
[2021.01.28-05.16.18:063][  0]SourceControl: Source control is disabled
[2021.01.28-05.16.24:312][  0]LogAndroidPermission: UAndroidPermissionCallbackProxy::GetInstance
[2021.01.28-05.16.24:654][  0]LogAudioCaptureCore: Display: No Audio Capture implementations found. Audio input will be silent.
[2021.01.28-05.16.24:654][  0]LogAudioCaptureCore: Display: No Audio Capture implementations found. Audio input will be silent.
[2021.01.28-05.16.25:382][  0]LogOcInput: OculusInput pre-init called
[2021.01.28-05.16.25:532][  0]LogWindows: Failed to load 'OVRPlugin.dll' (GetLastError=126)
[2021.01.28-05.16.25:532][  0]LogWindows: File 'OVRPlugin.dll' does not exist
[2021.01.28-05.16.28:514][  0]LogEngine: Initializing Engine...
[2021.01.28-05.16.28:601][  0]LogHMD: Failed to initialize OpenVR with code 110
[2021.01.28-05.16.28:601][  0]LogMagicLeap: Warning: VR disabled because ZI is not enabled.  To enable, in the editor, Edit -> Project Settings -> Plugins -> Magic Leap Plugin -> Enable Zero Iteration
[2021.01.28-05.16.28:857][  0]LogStats: UGameplayTagsManager::InitializeManager -  0.218 s
[2021.01.28-05.16.29:164][  0]LogInit: Initializing FReadOnlyCVARCache
[2021.01.28-05.16.30:701][  0]LogAIModule: Creating AISystem for world Untitled
[2021.01.28-05.16.30:701][  0]LogAISub: UAISubsystem::UAISubsystem EnvQueryManager (00000197D4937C00), frame # 0
[2021.01.28-05.16.30:702][  0]LogAISub: UAISubsystem::UAISubsystem AIPerceptionSystem (00000197D49B65C0), frame # 0
[2021.01.28-05.16.31:189][  0]LogAudioMixer: Display: Audio Mixer Platform Settings:
[2021.01.28-05.16.31:189][  0]LogAudioMixer: Display: 	Sample Rate:						  48000
[2021.01.28-05.16.31:189][  0]LogAudioMixer: Display: 	Callback Buffer Frame Size Requested: 1024
[2021.01.28-05.16.31:189][  0]LogAudioMixer: Display: 	Callback Buffer Frame Size To Use:	  1024
[2021.01.28-05.16.31:189][  0]LogAudioMixer: Display: 	Number of buffers to queue:			  2
[2021.01.28-05.16.31:189][  0]LogAudioMixer: Display: 	Max Channels (voices):				  32
[2021.01.28-05.16.31:189][  0]LogAudioMixer: Display: 	Number of Async Source Workers:		  0
[2021.01.28-05.16.31:189][  0]LogAudio: Display: AudioDevice MaxSources: 32
[2021.01.28-05.16.31:221][  0]LogAudio: Display: Using built-in audio occlusion.
[2021.01.28-05.16.31:221][  0]LogAudioMixer: Display: Initializing audio mixer.
[2021.01.28-05.16.31:566][  0]LogAudioMixer: Display: 0: FrontLeft
[2021.01.28-05.16.31:566][  0]LogAudioMixer: Display: 1: FrontRight
[2021.01.28-05.16.31:566][  0]LogAudioMixer: Display: 2: FrontCenter
[2021.01.28-05.16.31:566][  0]LogAudioMixer: Display: 3: LowFrequency
[2021.01.28-05.16.31:566][  0]LogAudioMixer: Display: 4: BackLeft
[2021.01.28-05.16.31:566][  0]LogAudioMixer: Display: 5: BackRight
[2021.01.28-05.16.31:566][  0]LogAudioMixer: Display: 6: SideLeft
[2021.01.28-05.16.31:566][  0]LogAudioMixer: Display: 7: SideRight
[2021.01.28-05.16.31:927][  0]LogAudioMixer: Display: Using Audio Device Speakers (THX Spatial - Synapse)
[2021.01.28-05.16.31:955][  0]LogAudioMixer: Display: Initializing Sound Submixes...
[2021.01.28-05.16.31:959][  0]LogAudioMixer: Display: Creating Master Submix 'MasterSubmixDefault'
[2021.01.28-05.16.31:959][  0]LogAudioMixer: Display: Creating Master Submix 'MasterReverbSubmixDefault'
[2021.01.28-05.16.31:988][  0]LogAudioMixer: Display: Creating Master Submix 'MasterEQSubmixDefault'
[2021.01.28-05.16.32:005][  0]LogInit: FAudioDevice initialized.
[2021.01.28-05.16.32:136][  0]LogNetVersion: Set ProjectVersion to 1.0.0.0. Version Checksum will be recalculated on next use.
[2021.01.28-05.16.32:315][  0]LogDerivedDataCache: Saved boot cache 0.18s 79MB C:/Users/Chris/AppData/Local/UnrealEngine/4.25/DerivedDataCache/Boot.ddc.
[2021.01.28-05.16.32:324][  0]LogInit: Texture streaming: Enabled
[2021.01.28-05.16.32:813][  0]LogEngineSessionManager: EngineSessionManager initialized
[2021.01.28-05.16.32:813][  0]LogEngineSessionManager: EngineSessionManager sent abnormal shutdown report. Type=Debugger, SessionId={89A7D10A-4B34-58EA-C4F1-A68CC56AB3A3}
[2021.01.28-05.16.32:813][  0]LogEditorSessionSummary: Verbose: Initializing EditorSessionSummaryWriter for editor session tracking
[2021.01.28-05.16.32:843][  0]LogEditorSessionSummary: EditorSessionSummaryWriter initialized
[2021.01.28-05.16.34:393][  0]LogInit: Transaction tracking system initialized
[2021.01.28-05.16.35:820][  0]BlueprintLog: New page: Editor Load
[2021.01.28-05.16.39:036][  0]LocalizationService: Localization service is disabled
[2021.01.28-05.16.42:045][  0]LogFileCache: Scanning file cache for directory 'D:/Chris/Documents/School Work/Semester 4/High Level 2/Mini Capstone/W21_GAM1528_ParticleInteractive/ShadowStalk/Content/' took 0.05s
[2021.01.28-05.16.42:045][  0]LogCook: Display: Max memory allowance for cook 16384mb min free memory 0mb
[2021.01.28-05.16.42:045][  0]LogCook: Display: Mobile HDR setting 1
[2021.01.28-05.16.48:445][  0]SourceControl: Source control is disabled
[2021.01.28-05.16.48:445][  0]LogUnrealEdMisc: Loading editor; pre map load, took 179.432
[2021.01.28-05.16.48:631][  0]Cmd: MAP LOAD FILE="../../../Engine/Content/Maps/Templates/Template_Default.umap" TEMPLATE=1 SHOWPROGRESS=1 FEATURELEVEL=3
[2021.01.28-05.16.48:678][  0]LightingResults: New page: Lighting Build
[2021.01.28-05.16.49:104][  0]LogWorld: UWorld::CleanupWorld for Untitled, bSessionEnded=true, bCleanupResources=true
[2021.01.28-05.16.49:134][  0]LogSlate: InvalidateAllWidgets triggered.  All widgets were invalidated
[2021.01.28-05.16.49:134][  0]MapCheck: New page: Map Check
[2021.01.28-05.16.49:134][  0]LightingResults: New page: Lighting Build
[2021.01.28-05.16.50:106][  0]LogAISub: UAISubsystem::~UAISubsystem EnvQueryManager (00000197D4937C00), frame # 0
[2021.01.28-05.16.50:106][  0]LogAISub: UAISubsystem::~UAISubsystem AIPerceptionSystem (00000197D49B65C0), frame # 0
[2021.01.28-05.16.50:123][  0]LogUObjectHash: Compacting FUObjectHashTables data took   0.62ms
[2021.01.28-05.16.52:454][  0]LogAIModule: Creating AISystem for world Untitled_1
[2021.01.28-05.16.52:454][  0]LogAISub: UAISubsystem::UAISubsystem EnvQueryManager (00000197D4D07E00), frame # 0
[2021.01.28-05.16.52:455][  0]LogAISub: UAISubsystem::UAISubsystem AIPerceptionSystem (00000197D4E55D00), frame # 0
[2021.01.28-05.16.53:762][  0]LogEditorServer: Finished looking for orphan Actors (0.000 secs)
[2021.01.28-05.16.54:179][  0]LogUObjectHash: Compacting FUObjectHashTables data took   0.72ms
[2021.01.28-05.16.54:180][  0]Cmd: MAP CHECKDEP NOCLEARLOG
[2021.01.28-05.16.54:180][  0]MapCheck: Map check complete: 0 Error(s), 0 Warning(s), took 0.382ms to complete.
[2021.01.28-05.16.54:180][  0]LogFileHelpers: Loading map 'Template_Default' took 5.674
[2021.01.28-05.16.57:548][  0]LogUnrealEdMisc: Total Editor Startup Time, took 188.535
[2021.01.28-05.17.00:330][  0]LogSlate: Updating window title bar state: overlay mode, drag disabled, window buttons hidden, title bar hidden
[2021.01.28-05.17.00:390][  0]LogSlate: Updating window title bar state: overlay mode, drag disabled, window buttons hidden, title bar hidden
[2021.01.28-05.17.00:399][  0]LogSlate: Updating window title bar state: overlay mode, drag disabled, window buttons hidden, title bar hidden
[2021.01.28-05.17.00:410][  0]LogSlate: Updating window title bar state: overlay mode, drag disabled, window buttons hidden, title bar hidden
[2021.01.28-05.17.01:148][  0]LogCollectionManager: Loaded 0 collections in 0.001552 seconds
[2021.01.28-05.17.01:958][  0]LogFileCache: Scanning file cache for directory 'D:/Chris/Documents/School Work/Semester 4/High Level 2/Mini Capstone/W21_GAM1528_ParticleInteractive/ShadowStalk/Saved/Collections/' took 0.00s
[2021.01.28-05.17.01:958][  0]LogFileCache: Scanning file cache for directory 'D:/Chris/Documents/School Work/Semester 4/High Level 2/Mini Capstone/W21_GAM1528_ParticleInteractive/ShadowStalk/Content/Developers/Chris/Collections/' took 0.00s
[2021.01.28-05.17.01:958][  0]LogFileCache: Scanning file cache for directory 'D:/Chris/Documents/School Work/Semester 4/High Level 2/Mini Capstone/W21_GAM1528_ParticleInteractive/ShadowStalk/Content/Collections/' took 0.00s
[2021.01.28-05.17.01:958][  0]LogContentBrowser: Native class hierarchy populated in 0.1287 seconds. Added 3428 classes and 823 folders.
[2021.01.28-05.17.02:294][  0]LogContentBrowser: Native class hierarchy updated for 'WidgetCarousel' in 0.0009 seconds. Added 0 classes and 0 folders.
[2021.01.28-05.17.06:748][  0]LogContentBrowser: Native class hierarchy updated for 'AddContentDialog' in 0.0005 seconds. Added 0 classes and 0 folders.
[2021.01.28-05.17.06:787][  0]LogContentBrowser: Native class hierarchy updated for 'SceneOutliner' in 0.0008 seconds. Added 2 classes and 0 folders.
[2021.01.28-05.17.09:121][  0]LogSlate: Took 0.017742 seconds to synchronously load lazily loaded font '../../../Engine/Content/Slate/Fonts/Roboto-Regular.ttf' (155K)
[2021.01.28-05.17.09:211][  0]LogSlate: Took 0.018315 seconds to synchronously load lazily loaded font '../../../Engine/Content/Slate/Fonts/Roboto-Bold.ttf' (160K)
[2021.01.28-05.17.09:547][  0]LogSlate: Took 0.236256 seconds to synchronously load lazily loaded font '../../../Engine/Content/Editor/Slate/Fonts/FontAwesome.ttf' (139K)
[2021.01.28-05.17.10:469][  0]LogRenderer: Reallocating scene render targets to support 868x432 Format 10 NumSamples 1 (Frame:1).
[2021.01.28-05.17.11:609][  0]LogContentBrowser: Native class hierarchy updated for 'HierarchicalLODOutliner' in 0.0008 seconds. Added 0 classes and 0 folders.
[2021.01.28-05.17.11:609][  0]LogLoad: (Engine Initialization) Total time: 202.60 seconds
[2021.01.28-05.17.11:609][  0]LogLoad: (Engine Initialization) Total Blueprint compile time: 0.00 seconds
[2021.01.28-05.17.12:088][  0]LogContentStreaming: Texture pool size now 1000 MB
[2021.01.28-05.17.12:526][  0]LogSlate: Took 0.223436 seconds to synchronously load lazily loaded font '../../../Engine/Content/Slate/Fonts/Roboto-Light.ttf' (167K)
[2021.01.28-05.17.12:609][  1]LogFileCache: Retrieving MD5 hashes for directory 'D:/Chris/Documents/School Work/Semester 4/High Level 2/Mini Capstone/W21_GAM1528_ParticleInteractive/ShadowStalk/Content/' took 0.67s
[2021.01.28-05.17.12:623][  1]LogAssetRegistry: Asset discovery search completed in 98.9712 seconds
[2021.01.28-05.17.12:632][  1]LogCollectionManager: Fixed up redirectors for 0 collections in 0.000004 seconds (updated 0 objects)
[2021.01.28-05.17.15:814][142]LogSlate: Took 0.001141 seconds to synchronously load lazily loaded font '../../../Engine/Content/Slate/Fonts/Roboto-Light.ttf' (167K)
[2021.01.28-05.17.15:840][142]LogLinker: Warning: While loading '../../../../../../Chris/Documents/School Work/Semester 4/High Level 2/Mini Capstone/W21_GAM1528_ParticleInteractive/ShadowStalk/Content/Maps/Init_level.umap' failed to load '/Game/Maps/Init_level_BuiltData': Can't find file.
[2021.01.28-05.17.15:842][142]LogLinker: Warning: While loading '../../../../../../Chris/Documents/School Work/Semester 4/High Level 2/Mini Capstone/W21_GAM1528_ParticleInteractive/ShadowStalk/Content/Maps/Init_level.umap' failed to load '/Game/Maps/Init_level_BuiltData': Can't find file.
[2021.01.28-05.17.15:844][142]LogLinker: Warning: While loading '../../../../../../Chris/Documents/School Work/Semester 4/High Level 2/Mini Capstone/W21_GAM1528_ParticleInteractive/ShadowStalk/Content/Maps/Init_level.umap' failed to load '/Game/Maps/Init_level_BuiltData': Can't find file.
[2021.01.28-05.17.15:845][142]LogLinker: Warning: While loading '../../../../../../Chris/Documents/School Work/Semester 4/High Level 2/Mini Capstone/W21_GAM1528_ParticleInteractive/ShadowStalk/Content/Maps/Init_level.umap' failed to load '/Game/Maps/Init_level_BuiltData': Can't find file.
[2021.01.28-05.17.15:851][142]LogLinker: Warning: While loading '../../../../../../Chris/Documents/School Work/Semester 4/High Level 2/Mini Capstone/W21_GAM1528_ParticleInteractive/ShadowStalk/Content/Maps/Init_level.umap' failed to load '/Game/Maps/Init_level_BuiltData': Can't find file.
[2021.01.28-05.17.15:851][142]LoadErrors: Failed to load /Game/Maps/Init_level_BuiltData.Init_level_BuiltData Referenced by PersistentLevel
[2021.01.28-05.17.15:851][142]LogLinker: Warning: While loading '../../../../../../Chris/Documents/School Work/Semester 4/High Level 2/Mini Capstone/W21_GAM1528_ParticleInteractive/ShadowStalk/Content/Maps/Init_level.umap' failed to load '/Game/Maps/Init_level_BuiltData': Can't find file.
[2021.01.28-05.17.16:146][142]LogAssetEditorSubsystem: Opening Asset editor for World /Game/Maps/Init_level.Init_level
[2021.01.28-05.17.16:209][142]LogUObjectHash: Compacting FUObjectHashTables data took   0.91ms
[2021.01.28-05.17.16:216][142]LightingResults: New page: Lighting Build
[2021.01.28-05.17.16:216][142]LoadErrors: New page: Loading map: Init_level.umap
[2021.01.28-05.17.16:255][142]LogWorld: UWorld::CleanupWorld for Untitled_1, bSessionEnded=true, bCleanupResources=true
[2021.01.28-05.17.16:255][142]LogSlate: InvalidateAllWidgets triggered.  All widgets were invalidated
[2021.01.28-05.17.16:255][142]MapCheck: New page: Map Check
[2021.01.28-05.17.16:255][142]LightingResults: New page: Lighting Build
[2021.01.28-05.17.16:329][142]LogAISub: UAISubsystem::~UAISubsystem EnvQueryManager (00000197D4D07E00), frame # 142
[2021.01.28-05.17.16:329][142]LogAISub: UAISubsystem::~UAISubsystem AIPerceptionSystem (00000197D4E55D00), frame # 142
[2021.01.28-05.17.16:331][142]LogUObjectHash: Compacting FUObjectHashTables data took   1.55ms
[2021.01.28-05.17.16:600][142]LogEditorServer: Finished looking for orphan Actors (0.000 secs)
[2021.01.28-05.17.16:600][142]LogAIModule: Creating AISystem for world Init_level
[2021.01.28-05.17.16:601][142]LogAISub: UAISubsystem::UAISubsystem EnvQueryManager (00000197EA90B600), frame # 142
[2021.01.28-05.17.16:601][142]LogAISub: UAISubsystem::UAISubsystem AIPerceptionSystem (00000197CE956340), frame # 142
[2021.01.28-05.17.16:612][142]LogUObjectHash: Compacting FUObjectHashTables data took   0.95ms
[2021.01.28-05.17.16:684][142]Cmd: MAP CHECKDEP NOCLEARLOG
[2021.01.28-05.17.16:685][142]MapCheck: Map check complete: 0 Error(s), 0 Warning(s), took 0.254ms to complete.
[2021.01.28-05.17.16:685][142]LogFileHelpers: Loading map 'Init_level' took 0.469
[2021.01.28-05.17.49:743][276]LogSlate: Window 'Source Control Login' being destroyed
[2021.01.28-05.17.56:547][536]LogEditorViewport: Clicking on Actor (LMB): StaticMeshActor (Sphere)
[2021.01.28-05.17.58:308][596]Cmd: DELETE
[2021.01.28-05.17.58:308][596]Cmd: ACTOR DELETE
[2021.01.28-05.17.58:743][596]LogEditorActor: Deleted Actor: StaticMeshActor
[2021.01.28-05.17.58:807][596]LogUObjectHash: Compacting FUObjectHashTables data took   0.60ms
[2021.01.28-05.17.58:814][596]LogEditorActor: Deleted 1 Actors (0.343 secs)
[2021.01.28-05.18.01:413][725]LogActorFactory: Actor Factory created Cylinder
[2021.01.28-05.18.02:395][769]LogActorFactory: Actor Factory created Cylinder
[2021.01.28-05.18.05:107][917]LogEditorViewport: Clicking on Actor (LMB): BP_Sky_Sphere_C (Sky Sphere)
[2021.01.28-05.18.06:017][965]LogEditorViewport: Clicking on Actor (LMB): BP_Sky_Sphere_C (Sky Sphere)
[2021.01.28-05.18.06:897][ 17]LogEditorViewport: Clicking on Actor (LMB): StaticMeshActor (Cube)
[2021.01.28-05.18.16:339][534]SourceControl: fatal: D:/Program Files (x86)/Epic Games/UE_4.25/Engine/Content: 'D:/Program Files (x86)/Epic Games/UE_4.25/Engine/Content' is outside repository
[2021.01.28-05.18.16:339][534]SourceControl: fatal: D:/Program Files (x86)/Epic Games/UE_4.25/Engine/Plugins/2D/Paper2D/Content: 'D:/Program Files (x86)/Epic Games/UE_4.25/Engine/Plugins/2D/Paper2D/Content' is outside repository
[2021.01.28-05.18.16:339][534]SourceControl: fatal: D:/Program Files (x86)/Epic Games/UE_4.25/Engine/Plugins/Developer/AnimationSharing/Content: 'D:/Program Files (x86)/Epic Games/UE_4.25/Engine/Plugins/Developer/AnimationSharing/Content' is outside repository
[2021.01.28-05.18.16:339][534]SourceControl: fatal: D:/Program Files (x86)/Epic Games/UE_4.25/Engine/Plugins/Editor/GeometryMode/Content: 'D:/Program Files (x86)/Epic Games/UE_4.25/Engine/Plugins/Editor/GeometryMode/Content' is outside repository
[2021.01.28-05.18.16:339][534]SourceControl: fatal: D:/Program Files (x86)/Epic Games/UE_4.25/Engine/Plugins/Enterprise/DatasmithContent/Content: 'D:/Program Files (x86)/Epic Games/UE_4.25/Engine/Plugins/Enterprise/DatasmithContent/Content' is outside repository
[2021.01.28-05.18.16:339][534]SourceControl: fatal: D:/Program Files (x86)/Epic Games/UE_4.25/Engine/Plugins/Experimental/ChaosClothEditor/Content: 'D:/Program Files (x86)/Epic Games/UE_4.25/Engine/Plugins/Experimental/ChaosClothEditor/Content' is outside repository
[2021.01.28-05.18.16:339][534]SourceControl: fatal: D:/Program Files (x86)/Epic Games/UE_4.25/Engine/Plugins/Experimental/ChaosNiagara/Content: 'D:/Program Files (x86)/Epic Games/UE_4.25/Engine/Plugins/Experimental/ChaosNiagara/Content' is outside repository
[2021.01.28-05.18.16:339][534]SourceControl: fatal: D:/Program Files (x86)/Epic Games/UE_4.25/Engine/Plugins/Experimental/ChaosSolverPlugin/Content: 'D:/Program Files (x86)/Epic Games/UE_4.25/Engine/Plugins/Experimental/ChaosSolverPlugin/Content' is outside repository
[2021.01.28-05.18.16:339][534]SourceControl: fatal: D:/Program Files (x86)/Epic Games/UE_4.25/Engine/Plugins/Experimental/GeometryCollectionPlugin/Content: 'D:/Program Files (x86)/Epic Games/UE_4.25/Engine/Plugins/Experimental/GeometryCollectionPlugin/Content' is outside repository
[2021.01.28-05.18.16:339][534]SourceControl: fatal: D:/Program Files (x86)/Epic Games/UE_4.25/Engine/Plugins/Experimental/GeometryProcessing/Content: 'D:/Program Files (x86)/Epic Games/UE_4.25/Engine/Plugins/Experimental/GeometryProcessing/Content' is outside repository
[2021.01.28-05.18.16:339][534]SourceControl: fatal: D:/Program Files (x86)/Epic Games/UE_4.25/Engine/Plugins/FX/Niagara/Content: 'D:/Program Files (x86)/Epic Games/UE_4.25/Engine/Plugins/FX/Niagara/Content' is outside repository
[2021.01.28-05.18.16:339][534]SourceControl: fatal: D:/Program Files (x86)/Epic Games/UE_4.25/Engine/Plugins/Lumin/MagicLeap/Content: 'D:/Program Files (x86)/Epic Games/UE_4.25/Engine/Plugins/Lumin/MagicLeap/Content' is outside repository
[2021.01.28-05.18.16:339][534]SourceControl: fatal: D:/Program Files (x86)/Epic Games/UE_4.25/Engine/Plugins/Lumin/MagicLeapPassableWorld/Content: 'D:/Program Files (x86)/Epic Games/UE_4.25/Engine/Plugins/Lumin/MagicLeapPassableWorld/Content' is outside repository
[2021.01.28-05.18.16:339][534]SourceControl: fatal: D:/Program Files (x86)/Epic Games/UE_4.25/Engine/Plugins/Media/MediaCompositing/Content: 'D:/Program Files (x86)/Epic Games/UE_4.25/Engine/Plugins/Media/MediaCompositing/Content' is outside repository
[2021.01.28-05.18.16:339][534]SourceControl: fatal: D:/Program Files (x86)/Epic Games/UE_4.25/Engine/Plugins/MovieScene/MovieRenderPipeline/Content: 'D:/Program Files (x86)/Epic Games/UE_4.25/Engine/Plugins/MovieScene/MovieRenderPipeline/Content' is outside repository
[2021.01.28-05.18.16:339][534]SourceControl: fatal: D:/Program Files (x86)/Epic Games/UE_4.25/Engine/Plugins/Runtime/Oculus/OculusVR/Content: 'D:/Program Files (x86)/Epic Games/UE_4.25/Engine/Plugins/Runtime/Oculus/OculusVR/Content' is outside repository
[2021.01.28-05.18.16:339][534]SourceControl: fatal: D:/Program Files (x86)/Epic Games/UE_4.25/Engine/Plugins/Runtime/PostSplashScreen/Content: 'D:/Program Files (x86)/Epic Games/UE_4.25/Engine/Plugins/Runtime/PostSplashScreen/Content' is outside repository
[2021.01.28-05.18.16:339][534]SourceControl: fatal: D:/Program Files (x86)/Epic Games/UE_4.25/Engine/Plugins/Runtime/Steam/SteamVR/Content: 'D:/Program Files (x86)/Epic Games/UE_4.25/Engine/Plugins/Runtime/Steam/SteamVR/Content' is outside repository
[2021.01.28-05.18.16:613][534]EditorErrors: Warning: No assets to check in!
[2021.01.28-05.18.22:818][871]LogUObjectHash: Compacting FUObjectHashTables data took   0.65ms
[2021.01.28-05.18.22:904][871]LogSavePackage: Moving '../../../../../../Chris/Documents/School Work/Semester 4/High Level 2/Mini Capstone/W21_GAM1528_ParticleInteractive/ShadowStalk/Saved/Init_levelE368BB334650C8905A1DD9889DFE4A94.tmp' to '../../../../../../Chris/Documents/School Work/Semester 4/High Level 2/Mini Capstone/W21_GAM1528_ParticleInteractive/ShadowStalk/Content/Maps/Init_level.umap'
[2021.01.28-05.18.23:131][871]AssetCheck: New page: Asset Save: Init_level
[2021.01.28-05.18.23:131][871]LogContentValidation: Display: Validating World /Game/Maps/Init_level.Init_level
[2021.01.28-05.18.38:375][701]SourceControl: fatal: D:/Program Files (x86)/Epic Games/UE_4.25/Engine/Content: 'D:/Program Files (x86)/Epic Games/UE_4.25/Engine/Content' is outside repository
[2021.01.28-05.18.38:375][701]SourceControl: fatal: D:/Program Files (x86)/Epic Games/UE_4.25/Engine/Plugins/2D/Paper2D/Content: 'D:/Program Files (x86)/Epic Games/UE_4.25/Engine/Plugins/2D/Paper2D/Content' is outside repository
[2021.01.28-05.18.38:375][701]SourceControl: fatal: D:/Program Files (x86)/Epic Games/UE_4.25/Engine/Plugins/Developer/AnimationSharing/Content: 'D:/Program Files (x86)/Epic Games/UE_4.25/Engine/Plugins/Developer/AnimationSharing/Content' is outside repository
[2021.01.28-05.18.38:375][701]SourceControl: fatal: D:/Program Files (x86)/Epic Games/UE_4.25/Engine/Plugins/Editor/GeometryMode/Content: 'D:/Program Files (x86)/Epic Games/UE_4.25/Engine/Plugins/Editor/GeometryMode/Content' is outside repository
[2021.01.28-05.18.38:376][701]SourceControl: fatal: D:/Program Files (x86)/Epic Games/UE_4.25/Engine/Plugins/Enterprise/DatasmithContent/Content: 'D:/Program Files (x86)/Epic Games/UE_4.25/Engine/Plugins/Enterprise/DatasmithContent/Content' is outside repository
[2021.01.28-05.18.38:376][701]SourceControl: fatal: D:/Program Files (x86)/Epic Games/UE_4.25/Engine/Plugins/Experimental/ChaosClothEditor/Content: 'D:/Program Files (x86)/Epic Games/UE_4.25/Engine/Plugins/Experimental/ChaosClothEditor/Content' is outside repository
[2021.01.28-05.18.38:376][701]SourceControl: fatal: D:/Program Files (x86)/Epic Games/UE_4.25/Engine/Plugins/Experimental/ChaosNiagara/Content: 'D:/Program Files (x86)/Epic Games/UE_4.25/Engine/Plugins/Experimental/ChaosNiagara/Content' is outside repository
[2021.01.28-05.18.38:376][701]SourceControl: fatal: D:/Program Files (x86)/Epic Games/UE_4.25/Engine/Plugins/Experimental/ChaosSolverPlugin/Content: 'D:/Program Files (x86)/Epic Games/UE_4.25/Engine/Plugins/Experimental/ChaosSolverPlugin/Content' is outside repository
[2021.01.28-05.18.38:376][701]SourceControl: fatal: D:/Program Files (x86)/Epic Games/UE_4.25/Engine/Plugins/Experimental/GeometryCollectionPlugin/Content: 'D:/Program Files (x86)/Epic Games/UE_4.25/Engine/Plugins/Experimental/GeometryCollectionPlugin/Content' is outside repository
[2021.01.28-05.18.38:376][701]SourceControl: fatal: D:/Program Files (x86)/Epic Games/UE_4.25/Engine/Plugins/Experimental/GeometryProcessing/Content: 'D:/Program Files (x86)/Epic Games/UE_4.25/Engine/Plugins/Experimental/GeometryProcessing/Content' is outside repository
[2021.01.28-05.18.38:376][701]SourceControl: fatal: D:/Program Files (x86)/Epic Games/UE_4.25/Engine/Plugins/FX/Niagara/Content: 'D:/Program Files (x86)/Epic Games/UE_4.25/Engine/Plugins/FX/Niagara/Content' is outside repository
[2021.01.28-05.18.38:376][701]SourceControl: fatal: D:/Program Files (x86)/Epic Games/UE_4.25/Engine/Plugins/Lumin/MagicLeap/Content: 'D:/Program Files (x86)/Epic Games/UE_4.25/Engine/Plugins/Lumin/MagicLeap/Content' is outside repository
[2021.01.28-05.18.38:376][701]SourceControl: fatal: D:/Program Files (x86)/Epic Games/UE_4.25/Engine/Plugins/Lumin/MagicLeapPassableWorld/Content: 'D:/Program Files (x86)/Epic Games/UE_4.25/Engine/Plugins/Lumin/MagicLeapPassableWorld/Content' is outside repository
[2021.01.28-05.18.38:376][701]SourceControl: fatal: D:/Program Files (x86)/Epic Games/UE_4.25/Engine/Plugins/Media/MediaCompositing/Content: 'D:/Program Files (x86)/Epic Games/UE_4.25/Engine/Plugins/Media/MediaCompositing/Content' is outside repository
[2021.01.28-05.18.38:376][701]SourceControl: fatal: D:/Program Files (x86)/Epic Games/UE_4.25/Engine/Plugins/MovieScene/MovieRenderPipeline/Content: 'D:/Program Files (x86)/Epic Games/UE_4.25/Engine/Plugins/MovieScene/MovieRenderPipeline/Content' is outside repository
[2021.01.28-05.18.38:376][701]SourceControl: fatal: D:/Program Files (x86)/Epic Games/UE_4.25/Engine/Plugins/Runtime/Oculus/OculusVR/Content: 'D:/Program Files (x86)/Epic Games/UE_4.25/Engine/Plugins/Runtime/Oculus/OculusVR/Content' is outside repository
[2021.01.28-05.18.38:376][701]SourceControl: fatal: D:/Program Files (x86)/Epic Games/UE_4.25/Engine/Plugins/Runtime/PostSplashScreen/Content: 'D:/Program Files (x86)/Epic Games/UE_4.25/Engine/Plugins/Runtime/PostSplashScreen/Content' is outside repository
[2021.01.28-05.18.38:376][701]SourceControl: fatal: D:/Program Files (x86)/Epic Games/UE_4.25/Engine/Plugins/Runtime/Steam/SteamVR/Content: 'D:/Program Files (x86)/Epic Games/UE_4.25/Engine/Plugins/Runtime/Steam/SteamVR/Content' is outside repository
[2021.01.28-05.18.45:255][701]LogSlate: Window 'Submit Files' being destroyed
[2021.01.28-05.18.46:977][701]LogSourceControl: commit successful: [TestBranch e365b3d] Things have changed
[2021.01.28-05.18.47:059][701]SourceControl: [TestBranch e365b3d] Things have changed
[2021.01.28-05.18.47:059][701]SourceControl:  1 file changed, 0 insertions(+), 0 deletions(-)
[2021.01.28-05.18.47:075][701]SourceControl: Commited [TestBranch e365b3d] Things have changed.
[2021.01.28-05.19.08:930][256]LogEditorViewport: Clicking on Actor (LMB): BP_Sky_Sphere_C (Sky Sphere)
[2021.01.28-05.19.10:596][342]LogSlate: Window 'Source Control Login' being destroyed
[2021.01.28-05.19.20:736][873]SourceControl: fatal: D:/Program Files (x86)/Epic Games/UE_4.25/Engine/Content: 'D:/Program Files (x86)/Epic Games/UE_4.25/Engine/Content' is outside repository
[2021.01.28-05.19.20:736][873]SourceControl: fatal: D:/Program Files (x86)/Epic Games/UE_4.25/Engine/Plugins/2D/Paper2D/Content: 'D:/Program Files (x86)/Epic Games/UE_4.25/Engine/Plugins/2D/Paper2D/Content' is outside repository
[2021.01.28-05.19.20:737][873]SourceControl: fatal: D:/Program Files (x86)/Epic Games/UE_4.25/Engine/Plugins/Developer/AnimationSharing/Content: 'D:/Program Files (x86)/Epic Games/UE_4.25/Engine/Plugins/Developer/AnimationSharing/Content' is outside repository
[2021.01.28-05.19.20:737][873]SourceControl: fatal: D:/Program Files (x86)/Epic Games/UE_4.25/Engine/Plugins/Editor/GeometryMode/Content: 'D:/Program Files (x86)/Epic Games/UE_4.25/Engine/Plugins/Editor/GeometryMode/Content' is outside repository
[2021.01.28-05.19.20:737][873]SourceControl: fatal: D:/Program Files (x86)/Epic Games/UE_4.25/Engine/Plugins/Enterprise/DatasmithContent/Content: 'D:/Program Files (x86)/Epic Games/UE_4.25/Engine/Plugins/Enterprise/DatasmithContent/Content' is outside repository
[2021.01.28-05.19.20:737][873]SourceControl: fatal: D:/Program Files (x86)/Epic Games/UE_4.25/Engine/Plugins/Experimental/ChaosClothEditor/Content: 'D:/Program Files (x86)/Epic Games/UE_4.25/Engine/Plugins/Experimental/ChaosClothEditor/Content' is outside repository
[2021.01.28-05.19.20:737][873]SourceControl: fatal: D:/Program Files (x86)/Epic Games/UE_4.25/Engine/Plugins/Experimental/ChaosNiagara/Content: 'D:/Program Files (x86)/Epic Games/UE_4.25/Engine/Plugins/Experimental/ChaosNiagara/Content' is outside repository
[2021.01.28-05.19.20:737][873]SourceControl: fatal: D:/Program Files (x86)/Epic Games/UE_4.25/Engine/Plugins/Experimental/ChaosSolverPlugin/Content: 'D:/Program Files (x86)/Epic Games/UE_4.25/Engine/Plugins/Experimental/ChaosSolverPlugin/Content' is outside repository
[2021.01.28-05.19.20:737][873]SourceControl: fatal: D:/Program Files (x86)/Epic Games/UE_4.25/Engine/Plugins/Experimental/GeometryCollectionPlugin/Content: 'D:/Program Files (x86)/Epic Games/UE_4.25/Engine/Plugins/Experimental/GeometryCollectionPlugin/Content' is outside repository
[2021.01.28-05.19.20:737][873]SourceControl: fatal: D:/Program Files (x86)/Epic Games/UE_4.25/Engine/Plugins/Experimental/GeometryProcessing/Content: 'D:/Program Files (x86)/Epic Games/UE_4.25/Engine/Plugins/Experimental/GeometryProcessing/Content' is outside repository
[2021.01.28-05.19.20:737][873]SourceControl: fatal: D:/Program Files (x86)/Epic Games/UE_4.25/Engine/Plugins/FX/Niagara/Content: 'D:/Program Files (x86)/Epic Games/UE_4.25/Engine/Plugins/FX/Niagara/Content' is outside repository
[2021.01.28-05.19.20:737][873]SourceControl: fatal: D:/Program Files (x86)/Epic Games/UE_4.25/Engine/Plugins/Lumin/MagicLeap/Content: 'D:/Program Files (x86)/Epic Games/UE_4.25/Engine/Plugins/Lumin/MagicLeap/Content' is outside repository
[2021.01.28-05.19.20:737][873]SourceControl: fatal: D:/Program Files (x86)/Epic Games/UE_4.25/Engine/Plugins/Lumin/MagicLeapPassableWorld/Content: 'D:/Program Files (x86)/Epic Games/UE_4.25/Engine/Plugins/Lumin/MagicLeapPassableWorld/Content' is outside repository
[2021.01.28-05.19.20:737][873]SourceControl: fatal: D:/Program Files (x86)/Epic Games/UE_4.25/Engine/Plugins/Media/MediaCompositing/Content: 'D:/Program Files (x86)/Epic Games/UE_4.25/Engine/Plugins/Media/MediaCompositing/Content' is outside repository
[2021.01.28-05.19.20:737][873]SourceControl: fatal: D:/Program Files (x86)/Epic Games/UE_4.25/Engine/Plugins/MovieScene/MovieRenderPipeline/Content: 'D:/Program Files (x86)/Epic Games/UE_4.25/Engine/Plugins/MovieScene/MovieRenderPipeline/Content' is outside repository
[2021.01.28-05.19.20:738][873]SourceControl: fatal: D:/Program Files (x86)/Epic Games/UE_4.25/Engine/Plugins/Runtime/Oculus/OculusVR/Content: 'D:/Program Files (x86)/Epic Games/UE_4.25/Engine/Plugins/Runtime/Oculus/OculusVR/Content' is outside repository
[2021.01.28-05.19.20:738][873]SourceControl: fatal: D:/Program Files (x86)/Epic Games/UE_4.25/Engine/Plugins/Runtime/PostSplashScreen/Content: 'D:/Program Files (x86)/Epic Games/UE_4.25/Engine/Plugins/Runtime/PostSplashScreen/Content' is outside repository
[2021.01.28-05.19.20:738][873]SourceControl: fatal: D:/Program Files (x86)/Epic Games/UE_4.25/Engine/Plugins/Runtime/Steam/SteamVR/Content: 'D:/Program Files (x86)/Epic Games/UE_4.25/Engine/Plugins/Runtime/Steam/SteamVR/Content' is outside repository
[2021.01.28-05.19.20:947][873]EditorErrors: Warning: No assets to check in!
